(0000) 4000  0100000000000000 (   1)                 .ORIG x4000
(4000) 4021  0100000000100001 (   2)                 .FILL x4021
(4001) 0000  0000000000000000 (   4)                 .FILL x0000
(4002) 0000  0000000000000000 (   4)                 .FILL x0000
(4003) 0000  0000000000000000 (   4)                 .FILL x0000
(4004) 0000  0000000000000000 (   4)                 .FILL x0000
(4005) 0000  0000000000000000 (   4)                 .FILL x0000
(4006) 0000  0000000000000000 (   4)                 .FILL x0000
(4007) 0000  0000000000000000 (   4)                 .FILL x0000
(4008) 0000  0000000000000000 (   4)                 .FILL x0000
(4009) 0000  0000000000000000 (   4)                 .FILL x0000
(400A) 0000  0000000000000000 (   4)                 .FILL x0000
(400B) 0000  0000000000000000 (   4)                 .FILL x0000
(400C) 0000  0000000000000000 (   4)                 .FILL x0000
(400D) 0000  0000000000000000 (   4)                 .FILL x0000
(400E) 0000  0000000000000000 (   4)                 .FILL x0000
(400F) 0000  0000000000000000 (   4)                 .FILL x0000
(4010) 0000  0000000000000000 (   4)                 .FILL x0000
(4011) 0000  0000000000000000 (   4)                 .FILL x0000
(4012) 0000  0000000000000000 (   4)                 .FILL x0000
(4013) 0000  0000000000000000 (   4)                 .FILL x0000
(4014) 0000  0000000000000000 (   4)                 .FILL x0000
(4015) 0000  0000000000000000 (   4)                 .FILL x0000
(4016) 0000  0000000000000000 (   4)                 .FILL x0000
(4017) 0000  0000000000000000 (   4)                 .FILL x0000
(4018) 0000  0000000000000000 (   4)                 .FILL x0000
(4019) 0000  0000000000000000 (   4)                 .FILL x0000
(401A) 0000  0000000000000000 (   4)                 .FILL x0000
(401B) 0000  0000000000000000 (   4)                 .FILL x0000
(401C) 0000  0000000000000000 (   4)                 .FILL x0000
(401D) 0000  0000000000000000 (   4)                 .FILL x0000
(401E) 0000  0000000000000000 (   4)                 .FILL x0000
(401F) 0000  0000000000000000 (   4)                 .FILL x0000
(4020) 0000  0000000000000000 (   4)                 .FILL x0000
(4021) 4182  0100000110000010 (   4) N0              .FILL x4182
(4022) 40F8  0100000011111000 (   5)                 .FILL x40F8
(4023) 40FC  0100000011111100 (   6)                 .FILL x40FC
(4024) 417D  0100000101111101 (   7)                 .FILL x417D
(4025) 0000  0000000000000000 (   9)                 .FILL x0000
(4026) 0000  0000000000000000 (   9)                 .FILL x0000
(4027) 0000  0000000000000000 (   9)                 .FILL x0000
(4028) 0000  0000000000000000 (   9)                 .FILL x0000
(4029) 0000  0000000000000000 (   9)                 .FILL x0000
(402A) 0000  0000000000000000 (   9)                 .FILL x0000
(402B) 0000  0000000000000000 (   9)                 .FILL x0000
(402C) 0000  0000000000000000 (   9)                 .FILL x0000
(402D) 0000  0000000000000000 (   9)                 .FILL x0000
(402E) 0000  0000000000000000 (   9)                 .FILL x0000
(402F) 0000  0000000000000000 (   9)                 .FILL x0000
(4030) 0000  0000000000000000 (   9)                 .FILL x0000
(4031) 0000  0000000000000000 (   9)                 .FILL x0000
(4032) 0000  0000000000000000 (   9)                 .FILL x0000
(4033) 0000  0000000000000000 (   9)                 .FILL x0000
(4034) 0000  0000000000000000 (   9)                 .FILL x0000
(4035) 0000  0000000000000000 (   9)                 .FILL x0000
(4036) 0000  0000000000000000 (   9)                 .FILL x0000
(4037) 0000  0000000000000000 (   9)                 .FILL x0000
(4038) 0000  0000000000000000 (   9)                 .FILL x0000
(4039) 0000  0000000000000000 (   9)                 .FILL x0000
(403A) 0000  0000000000000000 (   9)                 .FILL x0000
(403B) 0000  0000000000000000 (   9)                 .FILL x0000
(403C) 0000  0000000000000000 (   9)                 .FILL x0000
(403D) 0000  0000000000000000 (   9)                 .FILL x0000
(403E) 0000  0000000000000000 (   9)                 .FILL x0000
(403F) 0000  0000000000000000 (   9)                 .FILL x0000
(4040) 0000  0000000000000000 (   9)                 .FILL x0000
(4041) 0000  0000000000000000 (   9)                 .FILL x0000
(4042) 0000  0000000000000000 (   9)                 .FILL x0000
(4043) 0000  0000000000000000 (   9)                 .FILL x0000
(4044) 0000  0000000000000000 (   9)                 .FILL x0000
(4045) 0000  0000000000000000 (   9)                 .FILL x0000
(4046) 0000  0000000000000000 (   9)                 .FILL x0000
(4047) 0000  0000000000000000 (   9)                 .FILL x0000
(4048) 0000  0000000000000000 (   9)                 .FILL x0000
(4049) 0000  0000000000000000 (   9)                 .FILL x0000
(404A) 0000  0000000000000000 (   9)                 .FILL x0000
(404B) 0000  0000000000000000 (   9)                 .FILL x0000
(404C) 0000  0000000000000000 (   9)                 .FILL x0000
(404D) 0000  0000000000000000 (   9)                 .FILL x0000
(404E) 0000  0000000000000000 (   9)                 .FILL x0000
(404F) 0000  0000000000000000 (   9)                 .FILL x0000
(4050) 0000  0000000000000000 (   9)                 .FILL x0000
(4051) 0000  0000000000000000 (   9)                 .FILL x0000
(4052) 0000  0000000000000000 (   9)                 .FILL x0000
(4053) 0000  0000000000000000 (   9)                 .FILL x0000
(4054) 0000  0000000000000000 (   9)                 .FILL x0000
(4055) 0000  0000000000000000 (   9)                 .FILL x0000
(4056) 0000  0000000000000000 (   9)                 .FILL x0000
(4057) 0000  0000000000000000 (   9)                 .FILL x0000
(4058) 0000  0000000000000000 (   9)                 .FILL x0000
(4059) 0000  0000000000000000 (   9)                 .FILL x0000
(405A) 0000  0000000000000000 (   9)                 .FILL x0000
(405B) 0000  0000000000000000 (   9)                 .FILL x0000
(405C) 0000  0000000000000000 (   9)                 .FILL x0000
(405D) 0000  0000000000000000 (   9)                 .FILL x0000
(405E) 0000  0000000000000000 (   9)                 .FILL x0000
(405F) 0000  0000000000000000 (   9)                 .FILL x0000
(4060) 0000  0000000000000000 (   9)                 .FILL x0000
(4061) 0000  0000000000000000 (   9)                 .FILL x0000
(4062) 0000  0000000000000000 (   9)                 .FILL x0000
(4063) 0000  0000000000000000 (   9)                 .FILL x0000
(4064) 0000  0000000000000000 (   9)                 .FILL x0000
(4065) 0000  0000000000000000 (   9)                 .FILL x0000
(4066) 0000  0000000000000000 (   9)                 .FILL x0000
(4067) 0000  0000000000000000 (   9)                 .FILL x0000
(4068) 0000  0000000000000000 (   9)                 .FILL x0000
(4069) 0000  0000000000000000 (   9)                 .FILL x0000
(406A) 0000  0000000000000000 (   9)                 .FILL x0000
(406B) 0000  0000000000000000 (   9)                 .FILL x0000
(406C) 0000  0000000000000000 (   9)                 .FILL x0000
(406D) 0000  0000000000000000 (   9)                 .FILL x0000
(406E) 0000  0000000000000000 (   9)                 .FILL x0000
(406F) 0000  0000000000000000 (   9)                 .FILL x0000
(4070) 0000  0000000000000000 (   9)                 .FILL x0000
(4071) 0000  0000000000000000 (   9)                 .FILL x0000
(4072) 0000  0000000000000000 (   9)                 .FILL x0000
(4073) 0000  0000000000000000 (   9)                 .FILL x0000
(4074) 0000  0000000000000000 (   9)                 .FILL x0000
(4075) 0000  0000000000000000 (   9)                 .FILL x0000
(4076) 0000  0000000000000000 (   9)                 .FILL x0000
(4077) 0000  0000000000000000 (   9)                 .FILL x0000
(4078) 0000  0000000000000000 (   9)                 .FILL x0000
(4079) 0043  0000000001000011 (   9) L4              .FILL x0043
(407A) 0068  0000000001101000 (   9)                 .FILL x0068
(407B) 0065  0000000001100101 (   9)                 .FILL x0065
(407C) 006E  0000000001101110 (   9)                 .FILL x006E
(407D) 0000  0000000000000000 (   9)                 .FILL x0000
(407E) 0059  0000000001011001 (  10) F6              .FILL x0059
(407F) 0075  0000000001110101 (  10)                 .FILL x0075
(4080) 0065  0000000001100101 (  10)                 .FILL x0065
(4081) 0074  0000000001110100 (  10)                 .FILL x0074
(4082) 0069  0000000001101001 (  10)                 .FILL x0069
(4083) 006E  0000000001101110 (  10)                 .FILL x006E
(4084) 0067  0000000001100111 (  10)                 .FILL x0067
(4085) 0000  0000000000000000 (  10)                 .FILL x0000
(4086) 4160  0100000101100000 (  11) N3              .FILL x4160
(4087) 4103  0100000100000011 (  12)                 .FILL x4103
(4088) 412C  0100000100101100 (  13)                 .FILL x412C
(4089) 4167  0100000101100111 (  14)                 .FILL x4167
(408A) 0058  0000000001011000 (  15) F1              .FILL x0058
(408B) 0069  0000000001101001 (  15)                 .FILL x0069
(408C) 0061  0000000001100001 (  15)                 .FILL x0061
(408D) 006F  0000000001101111 (  15)                 .FILL x006F
(408E) 0066  0000000001100110 (  15)                 .FILL x0066
(408F) 0065  0000000001100101 (  15)                 .FILL x0065
(4090) 0069  0000000001101001 (  15)                 .FILL x0069
(4091) 0000  0000000000000000 (  15)                 .FILL x0000
(4092) 411E  0100000100011110 (  16) N6              .FILL x411E
(4093) 410F  0100000100001111 (  17)                 .FILL x410F
(4094) 407E  0100000001111110 (  18)                 .FILL x407E
(4095) 4150  0100000101010000 (  19)                 .FILL x4150
(4096) 0000  0000000000000000 (  21)                 .FILL x0000
(4097) 0000  0000000000000000 (  21)                 .FILL x0000
(4098) 0000  0000000000000000 (  21)                 .FILL x0000
(4099) 0000  0000000000000000 (  21)                 .FILL x0000
(409A) 0000  0000000000000000 (  21)                 .FILL x0000
(409B) 0000  0000000000000000 (  21)                 .FILL x0000
(409C) 0000  0000000000000000 (  21)                 .FILL x0000
(409D) 0000  0000000000000000 (  21)                 .FILL x0000
(409E) 0000  0000000000000000 (  21)                 .FILL x0000
(409F) 0000  0000000000000000 (  21)                 .FILL x0000
(40A0) 0000  0000000000000000 (  21)                 .FILL x0000
(40A1) 0000  0000000000000000 (  21)                 .FILL x0000
(40A2) 0000  0000000000000000 (  21)                 .FILL x0000
(40A3) 0000  0000000000000000 (  21)                 .FILL x0000
(40A4) 0000  0000000000000000 (  21)                 .FILL x0000
(40A5) 0000  0000000000000000 (  21)                 .FILL x0000
(40A6) 0000  0000000000000000 (  21)                 .FILL x0000
(40A7) 0000  0000000000000000 (  21)                 .FILL x0000
(40A8) 0000  0000000000000000 (  21)                 .FILL x0000
(40A9) 0000  0000000000000000 (  21)                 .FILL x0000
(40AA) 0000  0000000000000000 (  21)                 .FILL x0000
(40AB) 0000  0000000000000000 (  21)                 .FILL x0000
(40AC) 0000  0000000000000000 (  21)                 .FILL x0000
(40AD) 0000  0000000000000000 (  21)                 .FILL x0000
(40AE) 0000  0000000000000000 (  21)                 .FILL x0000
(40AF) 0000  0000000000000000 (  21)                 .FILL x0000
(40B0) 0000  0000000000000000 (  21)                 .FILL x0000
(40B1) 0000  0000000000000000 (  21)                 .FILL x0000
(40B2) 0000  0000000000000000 (  21)                 .FILL x0000
(40B3) 0000  0000000000000000 (  21)                 .FILL x0000
(40B4) 0000  0000000000000000 (  21)                 .FILL x0000
(40B5) 0000  0000000000000000 (  21)                 .FILL x0000
(40B6) 0000  0000000000000000 (  21)                 .FILL x0000
(40B7) 0000  0000000000000000 (  21)                 .FILL x0000
(40B8) 0000  0000000000000000 (  21)                 .FILL x0000
(40B9) 0000  0000000000000000 (  21)                 .FILL x0000
(40BA) 0000  0000000000000000 (  21)                 .FILL x0000
(40BB) 0000  0000000000000000 (  21)                 .FILL x0000
(40BC) 0000  0000000000000000 (  21)                 .FILL x0000
(40BD) 0000  0000000000000000 (  21)                 .FILL x0000
(40BE) 0000  0000000000000000 (  21)                 .FILL x0000
(40BF) 0000  0000000000000000 (  21)                 .FILL x0000
(40C0) 0000  0000000000000000 (  21)                 .FILL x0000
(40C1) 0000  0000000000000000 (  21)                 .FILL x0000
(40C2) 0000  0000000000000000 (  21)                 .FILL x0000
(40C3) 0000  0000000000000000 (  21)                 .FILL x0000
(40C4) 0000  0000000000000000 (  21)                 .FILL x0000
(40C5) 0000  0000000000000000 (  21)                 .FILL x0000
(40C6) 0000  0000000000000000 (  21)                 .FILL x0000
(40C7) 0000  0000000000000000 (  21)                 .FILL x0000
(40C8) 0000  0000000000000000 (  21)                 .FILL x0000
(40C9) 0000  0000000000000000 (  21)                 .FILL x0000
(40CA) 0000  0000000000000000 (  21)                 .FILL x0000
(40CB) 0000  0000000000000000 (  21)                 .FILL x0000
(40CC) 0000  0000000000000000 (  21)                 .FILL x0000
(40CD) 0000  0000000000000000 (  21)                 .FILL x0000
(40CE) 0000  0000000000000000 (  21)                 .FILL x0000
(40CF) 0000  0000000000000000 (  21)                 .FILL x0000
(40D0) 0000  0000000000000000 (  21)                 .FILL x0000
(40D1) 0000  0000000000000000 (  21)                 .FILL x0000
(40D2) 0000  0000000000000000 (  21)                 .FILL x0000
(40D3) 0000  0000000000000000 (  21)                 .FILL x0000
(40D4) 0000  0000000000000000 (  21)                 .FILL x0000
(40D5) 0000  0000000000000000 (  21)                 .FILL x0000
(40D6) 0000  0000000000000000 (  21)                 .FILL x0000
(40D7) 0000  0000000000000000 (  21)                 .FILL x0000
(40D8) 0000  0000000000000000 (  21)                 .FILL x0000
(40D9) 0000  0000000000000000 (  21)                 .FILL x0000
(40DA) 0000  0000000000000000 (  21)                 .FILL x0000
(40DB) 0000  0000000000000000 (  21)                 .FILL x0000
(40DC) 0000  0000000000000000 (  21)                 .FILL x0000
(40DD) 0000  0000000000000000 (  21)                 .FILL x0000
(40DE) 0000  0000000000000000 (  21)                 .FILL x0000
(40DF) 0000  0000000000000000 (  21)                 .FILL x0000
(40E0) 0000  0000000000000000 (  21)                 .FILL x0000
(40E1) 0000  0000000000000000 (  21)                 .FILL x0000
(40E2) 0000  0000000000000000 (  21)                 .FILL x0000
(40E3) 0000  0000000000000000 (  21)                 .FILL x0000
(40E4) 0000  0000000000000000 (  21)                 .FILL x0000
(40E5) 0000  0000000000000000 (  21)                 .FILL x0000
(40E6) 0000  0000000000000000 (  21)                 .FILL x0000
(40E7) 0000  0000000000000000 (  21)                 .FILL x0000
(40E8) 0000  0000000000000000 (  21)                 .FILL x0000
(40E9) 0000  0000000000000000 (  21)                 .FILL x0000
(40EA) 0000  0000000000000000 (  21)                 .FILL x0000
(40EB) 0000  0000000000000000 (  21)                 .FILL x0000
(40EC) 0000  0000000000000000 (  21)                 .FILL x0000
(40ED) 0000  0000000000000000 (  21)                 .FILL x0000
(40EE) 0000  0000000000000000 (  21)                 .FILL x0000
(40EF) 0000  0000000000000000 (  21)                 .FILL x0000
(40F0) 0000  0000000000000000 (  21)                 .FILL x0000
(40F1) 0000  0000000000000000 (  21)                 .FILL x0000
(40F2) 0000  0000000000000000 (  21)                 .FILL x0000
(40F3) 0000  0000000000000000 (  21)                 .FILL x0000
(40F4) 0000  0000000000000000 (  21)                 .FILL x0000
(40F5) 0000  0000000000000000 (  21)                 .FILL x0000
(40F6) 0000  0000000000000000 (  21)                 .FILL x0000
(40F7) 0000  0000000000000000 (  21)                 .FILL x0000
(40F8) 0032  0000000000110010 (  21) P0              .FILL x0032
(40F9) 0030  0000000000110000 (  21)                 .FILL x0030
(40FA) 0031  0000000000110001 (  21)                 .FILL x0031
(40FB) 0000  0000000000000000 (  21)                 .FILL x0000
(40FC) 0057  0000000001010111 (  22) F0              .FILL x0057
(40FD) 0065  0000000001100101 (  22)                 .FILL x0065
(40FE) 006E  0000000001101110 (  22)                 .FILL x006E
(40FF) 007A  0000000001111010 (  22)                 .FILL x007A
(4100) 0068  0000000001101000 (  22)                 .FILL x0068
(4101) 0069  0000000001101001 (  22)                 .FILL x0069
(4102) 0000  0000000000000000 (  22)                 .FILL x0000
(4103) 0033  0000000000110011 (  23) P3              .FILL x0033
(4104) 0030  0000000000110000 (  23)                 .FILL x0030
(4105) 0031  0000000000110001 (  23)                 .FILL x0031
(4106) 0000  0000000000000000 (  23)                 .FILL x0000
(4107) 4086  0100000010000110 (  24) N2              .FILL x4086
(4108) 410B  0100000100001011 (  25)                 .FILL x410B
(4109) 4186  0100000110000110 (  26)                 .FILL x4186
(410A) 416B  0100000101101011 (  27)                 .FILL x416B
(410B) 0035  0000000000110101 (  28) P2              .FILL x0035
(410C) 0033  0000000000110011 (  28)                 .FILL x0033
(410D) 0033  0000000000110011 (  28)                 .FILL x0033
(410E) 0000  0000000000000000 (  28)                 .FILL x0000
(410F) 0031  0000000000110001 (  29) P6              .FILL x0031
(4110) 0031  0000000000110001 (  29)                 .FILL x0031
(4111) 0030  0000000000110000 (  29)                 .FILL x0030
(4112) 0000  0000000000000000 (  29)                 .FILL x0000
(4113) 0035  0000000000110101 (  30) P7              .FILL x0035
(4114) 0031  0000000000110001 (  30)                 .FILL x0031
(4115) 0032  0000000000110010 (  30)                 .FILL x0032
(4116) 0000  0000000000000000 (  30)                 .FILL x0000
(4117) 0000  0000000000000000 (  32)                 .FILL x0000
(4118) 0000  0000000000000000 (  32)                 .FILL x0000
(4119) 0000  0000000000000000 (  32)                 .FILL x0000
(411A) 0000  0000000000000000 (  32)                 .FILL x0000
(411B) 0000  0000000000000000 (  32)                 .FILL x0000
(411C) 0000  0000000000000000 (  32)                 .FILL x0000
(411D) 0000  0000000000000000 (  32)                 .FILL x0000
(411E) 4130  0100000100110000 (  32) N7              .FILL x4130
(411F) 4113  0100000100010011 (  33)                 .FILL x4113
(4120) 4193  0100000110010011 (  34)                 .FILL x4193
(4121) 419C  0100000110011100 (  35)                 .FILL x419C
(4122) 0034  0000000000110100 (  36) P4              .FILL x0034
(4123) 0031  0000000000110001 (  36)                 .FILL x0031
(4124) 0032  0000000000110010 (  36)                 .FILL x0032
(4125) 0000  0000000000000000 (  36)                 .FILL x0000
(4126) 004A  0000000001001010 (  37) L5              .FILL x004A
(4127) 0069  0000000001101001 (  37)                 .FILL x0069
(4128) 0061  0000000001100001 (  37)                 .FILL x0061
(4129) 006E  0000000001101110 (  37)                 .FILL x006E
(412A) 0067  0000000001100111 (  37)                 .FILL x0067
(412B) 0000  0000000000000000 (  37)                 .FILL x0000
(412C) 0053  0000000001010011 (  38) F3              .FILL x0053
(412D) 0068  0000000001101000 (  38)                 .FILL x0068
(412E) 0069  0000000001101001 (  38)                 .FILL x0069
(412F) 0000  0000000000000000 (  38)                 .FILL x0000
(4130) 0000  0000000000000000 (  40) N8              .FILL x0000
(4131) 4173  0100000101110011 (  41)                 .FILL x4173
(4132) 418B  0100000110001011 (  42)                 .FILL x418B
(4133) 4134  0100000100110100 (  43)                 .FILL x4134
(4134) 004A  0000000001001010 (  44) L8              .FILL x004A
(4135) 0069  0000000001101001 (  44)                 .FILL x0069
(4136) 006E  0000000001101110 (  44)                 .FILL x006E
(4137) 0000  0000000000000000 (  44)                 .FILL x0000
(4138) 0044  0000000001000100 (  45) P1              .FILL x0044
(4139) 0069  0000000001101001 (  45)                 .FILL x0069
(413A) 0064  0000000001100100 (  45)                 .FILL x0064
(413B) 0069  0000000001101001 (  45)                 .FILL x0069
(413C) 0020  0000000000100000 (  45)                 .FILL x0020
(413D) 0052  0000000001010010 (  45)                 .FILL x0052
(413E) 0065  0000000001100101 (  45)                 .FILL x0065
(413F) 0073  0000000001110011 (  45)                 .FILL x0073
(4140) 0065  0000000001100101 (  45)                 .FILL x0065
(4141) 0061  0000000001100001 (  45)                 .FILL x0061
(4142) 0072  0000000001110010 (  45)                 .FILL x0072
(4143) 0063  0000000001100011 (  45)                 .FILL x0063
(4144) 0068  0000000001101000 (  45)                 .FILL x0068
(4145) 0020  0000000000100000 (  45)                 .FILL x0020
(4146) 0049  0000000001001001 (  45)                 .FILL x0049
(4147) 006E  0000000001101110 (  45)                 .FILL x006E
(4148) 0073  0000000001110011 (  45)                 .FILL x0073
(4149) 0074  0000000001110100 (  45)                 .FILL x0074
(414A) 0069  0000000001101001 (  45)                 .FILL x0069
(414B) 0074  0000000001110100 (  45)                 .FILL x0074
(414C) 0075  0000000001110101 (  45)                 .FILL x0075
(414D) 0074  0000000001110100 (  45)                 .FILL x0074
(414E) 0065  0000000001100101 (  45)                 .FILL x0065
(414F) 0000  0000000000000000 (  45)                 .FILL x0000
(4150) 005A  0000000001011010 (  46) L6              .FILL x005A
(4151) 0068  0000000001101000 (  46)                 .FILL x0068
(4152) 0075  0000000001110101 (  46)                 .FILL x0075
(4153) 0061  0000000001100001 (  46)                 .FILL x0061
(4154) 006E  0000000001101110 (  46)                 .FILL x006E
(4155) 0067  0000000001100111 (  46)                 .FILL x0067
(4156) 0000  0000000000000000 (  46)                 .FILL x0000
(4157) 0058  0000000001011000 (  47) F5              .FILL x0058
(4158) 0069  0000000001101001 (  47)                 .FILL x0069
(4159) 0061  0000000001100001 (  47)                 .FILL x0061
(415A) 006F  0000000001101111 (  47)                 .FILL x006F
(415B) 0068  0000000001101000 (  47)                 .FILL x0068
(415C) 006F  0000000001101111 (  47)                 .FILL x006F
(415D) 006E  0000000001101110 (  47)                 .FILL x006E
(415E) 0067  0000000001100111 (  47)                 .FILL x0067
(415F) 0000  0000000000000000 (  47)                 .FILL x0000
(4160) 416F  0100000101101111 (  48) N4              .FILL x416F
(4161) 4122  0100000100100010 (  49)                 .FILL x4122
(4162) 4178  0100000101111000 (  50)                 .FILL x4178
(4163) 4079  0100000001111001 (  51)                 .FILL x4079
(4164) 0048  0000000001001000 (  52) L1              .FILL x0048
(4165) 0065  0000000001100101 (  52)                 .FILL x0065
(4166) 0000  0000000000000000 (  52)                 .FILL x0000
(4167) 0043  0000000001000011 (  53) L3              .FILL x0043
(4168) 0061  0000000001100001 (  53)                 .FILL x0061
(4169) 0069  0000000001101001 (  53)                 .FILL x0069
(416A) 0000  0000000000000000 (  53)                 .FILL x0000
(416B) 0050  0000000001010000 (  54) L2              .FILL x0050
(416C) 0061  0000000001100001 (  54)                 .FILL x0061
(416D) 006E  0000000001101110 (  54)                 .FILL x006E
(416E) 0000  0000000000000000 (  54)                 .FILL x0000
(416F) 4092  0100000010010010 (  55) N5              .FILL x4092
(4170) 418F  0100000110001111 (  56)                 .FILL x418F
(4171) 4157  0100000101010111 (  57)                 .FILL x4157
(4172) 4126  0100000100100110 (  58)                 .FILL x4126
(4173) 0054  0000000001010100 (  59) P8              .FILL x0054
(4174) 002E  0000000000101110 (  59)                 .FILL x002E
(4175) 0041  0000000001000001 (  59)                 .FILL x0041
(4176) 002E  0000000000101110 (  59)                 .FILL x002E
(4177) 0000  0000000000000000 (  59)                 .FILL x0000
(4178) 0047  0000000001000111 (  60) F4              .FILL x0047
(4179) 0061  0000000001100001 (  60)                 .FILL x0061
(417A) 006E  0000000001101110 (  60)                 .FILL x006E
(417B) 0067  0000000001100111 (  60)                 .FILL x0067
(417C) 0000  0000000000000000 (  60)                 .FILL x0000
(417D) 0043  0000000001000011 (  61) L0              .FILL x0043
(417E) 0068  0000000001101000 (  61)                 .FILL x0068
(417F) 0065  0000000001100101 (  61)                 .FILL x0065
(4180) 006E  0000000001101110 (  61)                 .FILL x006E
(4181) 0000  0000000000000000 (  61)                 .FILL x0000
(4182) 4107  0100000100000111 (  62) N1              .FILL x4107
(4183) 4138  0100000100111000 (  63)                 .FILL x4138
(4184) 408A  0100000010001010 (  64)                 .FILL x408A
(4185) 4164  0100000101100100 (  65)                 .FILL x4164
(4186) 0047  0000000001000111 (  66) F2              .FILL x0047
(4187) 0061  0000000001100001 (  66)                 .FILL x0061
(4188) 006E  0000000001101110 (  66)                 .FILL x006E
(4189) 0067  0000000001100111 (  66)                 .FILL x0067
(418A) 0000  0000000000000000 (  66)                 .FILL x0000
(418B) 0054  0000000001010100 (  67) F8              .FILL x0054
(418C) 0061  0000000001100001 (  67)                 .FILL x0061
(418D) 006F  0000000001101111 (  67)                 .FILL x006F
(418E) 0000  0000000000000000 (  67)                 .FILL x0000
(418F) 0035  0000000000110101 (  68) P5              .FILL x0035
(4190) 0032  0000000000110010 (  68)                 .FILL x0032
(4191) 0030  0000000000110000 (  68)                 .FILL x0030
(4192) 0000  0000000000000000 (  68)                 .FILL x0000
(4193) 0051  0000000001010001 (  69) F7              .FILL x0051
(4194) 0069  0000000001101001 (  69)                 .FILL x0069
(4195) 006E  0000000001101110 (  69)                 .FILL x006E
(4196) 0067  0000000001100111 (  69)                 .FILL x0067
(4197) 0073  0000000001110011 (  69)                 .FILL x0073
(4198) 006F  0000000001101111 (  69)                 .FILL x006F
(4199) 006E  0000000001101110 (  69)                 .FILL x006E
(419A) 0067  0000000001100111 (  69)                 .FILL x0067
(419B) 0000  0000000000000000 (  69)                 .FILL x0000
(419C) 0053  0000000001010011 (  70) L7              .FILL x0053
(419D) 0068  0000000001101000 (  70)                 .FILL x0068
(419E) 0069  0000000001101001 (  70)                 .FILL x0069
(419F) 0000  0000000000000000 (  70)                 .FILL x0000
