(0000) 3000  0011000000000000 (   1)                 .ORIG x3000
(3000) 484D  0100100001001101 (   5)                 JSR   InSub
(3001) 4844  0100100001000100 (   6)                 JSR   REVERSE
(3002) 5DA0  0101110110100000 (   7)                 AND   R6 R6 #0
(3003) 1DA1  0001110110100001 (   8)                 ADD   R6 R6 #1
(3004) 2293  0010001010010011 (   9)                 LD    R1 ListPTR
(3005) E658  1110011001011000 (  10) MAIN1           LEA   R3 INPUT
(3006) 1462  0001010001100010 (  11)                 ADD   R2 R1 #2
(3007) 6480  0110010010000000 (  12)                 LDR   R2 R2 #0
(3008) 4829  0100100000101001 (  13)                 JSR   COMPARE
(3009) 0403  0000010000000011 (  14)                 BRZ   MAIN2
(300A) 4810  0100100000010000 (  15)                 JSR   PRINT
(300B) 5DA0  0101110110100000 (  16)                 AND   R6 R6 #0
(300C) 0E06  0000111000000110 (  17)                 BRNZP MAIN3
(300D) 1463  0001010001100011 (  18) MAIN2           ADD   R2 R1 #3
(300E) 6480  0110010010000000 (  19)                 LDR   R2 R2 #0
(300F) 4822  0100100000100010 (  20)                 JSR   COMPARE
(3010) 0402  0000010000000010 (  21)                 BRZ   MAIN3
(3011) 4809  0100100000001001 (  22)                 JSR   PRINT
(3012) 5DA0  0101110110100000 (  23)                 AND   R6 R6 #0
(3013) 6240  0110001001000000 (  24) MAIN3           LDR   R1 R1 #0
(3014) 0BF0  0000101111110000 (  25)                 BRNP  MAIN1
(3015) 1DA0  0001110110100000 (  26)                 ADD   R6 R6 #0
(3016) 0402  0000010000000010 (  27)                 BRZ   MAIN4
(3017) E077  1110000001110111 (  28)                 LEA   R0 NEG
(3018) F022  1111000000100010 (  29)                 TRAP  x22
(3019) F025  1111000000100101 (  30) MAIN4           TRAP  x25
(301A) 0000  0000000000000000 (  35)                 .FILL x0000
(301B) 5920  0101100100100000 (  35) PRINT           AND   R4 R4 #0
(301C) 1921  0001100100100001 (  36)                 ADD   R4 R4 #1
(301D) 192F  0001100100101111 (  37)                 ADD   R4 R4 #15
(301E) 1904  0001100100000100 (  38)                 ADD   R4 R4 R4
(301F) 1DE0  0001110111100000 (  39)                 ADD   R6 R7 #0
(3020) 1063  0001000001100011 (  40)                 ADD   R0 R1 #3
(3021) 6000  0110000000000000 (  41)                 LDR   R0 R0 #0
(3022) F022  1111000000100010 (  42)                 TRAP  x22
(3023) 1120  0001000100100000 (  43)                 ADD   R0 R4 #0
(3024) F021  1111000000100001 (  44)                 TRAP  x21
(3025) 1062  0001000001100010 (  45)                 ADD   R0 R1 #2
(3026) 6000  0110000000000000 (  46)                 LDR   R0 R0 #0
(3027) F022  1111000000100010 (  47)                 TRAP  x22
(3028) 1120  0001000100100000 (  48)                 ADD   R0 R4 #0
(3029) F021  1111000000100001 (  49)                 TRAP  x21
(302A) 1061  0001000001100001 (  50)                 ADD   R0 R1 #1
(302B) 6000  0110000000000000 (  51)                 LDR   R0 R0 #0
(302C) F022  1111000000100010 (  52)                 TRAP  x22
(302D) 5020  0101000000100000 (  53)                 AND   R0 R0 #0
(302E) 102A  0001000000101010 (  54)                 ADD   R0 R0 #10
(302F) F021  1111000000100001 (  55)                 TRAP  x21
(3030) 1FA0  0001111110100000 (  56)                 ADD   R7 R6 #0
(3031) C1C0  1100000111000000 (  57)                 RET   
(3032) 6880  0110100010000000 (  62) COMPARE         LDR   R4 R2 #0
(3033) 040A  0000010000001010 (  63)                 BRZ   ENDLP2
(3034) 6AC0  0110101011000000 (  64)                 LDR   R5 R3 #0
(3035) 040B  0000010000001011 (  65)                 BRZ   ENDLP3
(3036) 1B05  0001101100000101 (  66)                 ADD   R5 R4 R5
(3037) 1B61  0001101101100001 (  67)                 ADD   R5 R5 #1
(3038) 0A03  0000101000000011 (  68)                 BRNP  ENDLP1
(3039) 14A1  0001010010100001 (  69)                 ADD   R2 R2 #1
(303A) 16E1  0001011011100001 (  70)                 ADD   R3 R3 #1
(303B) 0FF6  0000111111110110 (  71)                 BRNZP COMPARE
(303C) 5B60  0101101101100000 (  72) ENDLP1          AND   R5 R5 #0
(303D) C1C0  1100000111000000 (  73)                 RET   
(303E) 6AC0  0110101011000000 (  74) ENDLP2          LDR   R5 R3 #0
(303F) 0BFC  0000101111111100 (  75)                 BRNP  ENDLP1
(3040) 0402  0000010000000010 (  76)                 BRZ   ENDLP4
(3041) 6880  0110100010000000 (  77) ENDLP3          LDR   R4 R2 #0
(3042) 0BF9  0000101111111001 (  78)                 BRNP  ENDLP1
(3043) 5B60  0101101101100000 (  79) ENDLP4          AND   R5 R5 #0
(3044) 1B61  0001101101100001 (  80)                 ADD   R5 R5 #1
(3045) C1C0  1100000111000000 (  81)                 RET   
(3046) E217  1110001000010111 (  85) REVERSE         LEA   R1 INPUT
(3047) 6440  0110010001000000 (  86) LOOP2           LDR   R2 R1 #0
(3048) 94BF  1001010010111111 (  87)                 NOT   R2 R2
(3049) 7440  0111010001000000 (  88)                 STR   R2 R1 #0
(304A) 1261  0001001001100001 (  89)                 ADD   R1 R1 #1
(304B) 6440  0110010001000000 (  90)                 LDR   R2 R1 #0
(304C) 0BFA  0000101111111010 (  91)                 BRNP  LOOP2
(304D) C1C0  1100000111000000 (  92)                 RET   
(304E) E023  1110000000100011 (  96) InSub           LEA   R0 PROMPT
(304F) E20E  1110001000001110 (  97)                 LEA   R1 INPUT
(3050) 5DA0  0101110110100000 (  98)                 AND   R6 R6 #0
(3051) 1DE0  0001110111100000 (  99)                 ADD   R6 R7 #0
(3052) F022  1111000000100010 ( 100)                 TRAP  x22
(3053) F020  1111000000100000 ( 101) LOOP1           TRAP  x20
(3054) F021  1111000000100001 ( 102)                 TRAP  x21
(3055) 7040  0111000001000000 ( 103)                 STR   R0 R1 #0
(3056) 1261  0001001001100001 ( 104)                 ADD   R1 R1 #1
(3057) 5035  0101000000110101 ( 105)                 AND   R0 R0 #-11
(3058) 0BFA  0000101111111010 ( 106)                 BRNP  LOOP1
(3059) 127F  0001001001111111 ( 107)                 ADD   R1 R1 #-1
(305A) 7040  0111000001000000 ( 108)                 STR   R0 R1 #0
(305B) 5FE0  0101111111100000 ( 109)                 AND   R7 R7 #0
(305C) 1FA0  0001111110100000 ( 110)                 ADD   R7 R6 #0
(305D) C1C0  1100000111000000 ( 111)                 RET   
(305E) 0000  0000000000000000 ( 120) INPUT           .FILL x0000
(305F) 0000  0000000000000000 ( 120)                 .FILL x0000
(3060) 0000  0000000000000000 ( 120)                 .FILL x0000
(3061) 0000  0000000000000000 ( 120)                 .FILL x0000
(3062) 0000  0000000000000000 ( 120)                 .FILL x0000
(3063) 0000  0000000000000000 ( 120)                 .FILL x0000
(3064) 0000  0000000000000000 ( 120)                 .FILL x0000
(3065) 0000  0000000000000000 ( 120)                 .FILL x0000
(3066) 0000  0000000000000000 ( 120)                 .FILL x0000
(3067) 0000  0000000000000000 ( 120)                 .FILL x0000
(3068) 0000  0000000000000000 ( 120)                 .FILL x0000
(3069) 0000  0000000000000000 ( 120)                 .FILL x0000
(306A) 0000  0000000000000000 ( 120)                 .FILL x0000
(306B) 0000  0000000000000000 ( 120)                 .FILL x0000
(306C) 0000  0000000000000000 ( 120)                 .FILL x0000
(306D) 0000  0000000000000000 ( 120)                 .FILL x0000
(306E) 0000  0000000000000000 ( 120)                 .FILL x0000
(306F) 0000  0000000000000000 ( 120)                 .FILL x0000
(3070) 0000  0000000000000000 ( 120)                 .FILL x0000
(3071) 0000  0000000000000000 ( 120)                 .FILL x0000
(3072) 0054  0000000001010100 ( 120) PROMPT          .FILL x0054
(3073) 0079  0000000001111001 ( 120)                 .FILL x0079
(3074) 0070  0000000001110000 ( 120)                 .FILL x0070
(3075) 0065  0000000001100101 ( 120)                 .FILL x0065
(3076) 0020  0000000000100000 ( 120)                 .FILL x0020
(3077) 0061  0000000001100001 ( 120)                 .FILL x0061
(3078) 0020  0000000000100000 ( 120)                 .FILL x0020
(3079) 004E  0000000001001110 ( 120)                 .FILL x004E
(307A) 0061  0000000001100001 ( 120)                 .FILL x0061
(307B) 006D  0000000001101101 ( 120)                 .FILL x006D
(307C) 0065  0000000001100101 ( 120)                 .FILL x0065
(307D) 0020  0000000000100000 ( 120)                 .FILL x0020
(307E) 0061  0000000001100001 ( 120)                 .FILL x0061
(307F) 006E  0000000001101110 ( 120)                 .FILL x006E
(3080) 0064  0000000001100100 ( 120)                 .FILL x0064
(3081) 0020  0000000000100000 ( 120)                 .FILL x0020
(3082) 0050  0000000001010000 ( 120)                 .FILL x0050
(3083) 0072  0000000001110010 ( 120)                 .FILL x0072
(3084) 0065  0000000001100101 ( 120)                 .FILL x0065
(3085) 0073  0000000001110011 ( 120)                 .FILL x0073
(3086) 0073  0000000001110011 ( 120)                 .FILL x0073
(3087) 0020  0000000000100000 ( 120)                 .FILL x0020
(3088) 0045  0000000001000101 ( 120)                 .FILL x0045
(3089) 006E  0000000001101110 ( 120)                 .FILL x006E
(308A) 0074  0000000001110100 ( 120)                 .FILL x0074
(308B) 0065  0000000001100101 ( 120)                 .FILL x0065
(308C) 0072  0000000001110010 ( 120)                 .FILL x0072
(308D) 003A  0000000000111010 ( 120)                 .FILL x003A
(308E) 0000  0000000000000000 ( 120)                 .FILL x0000
(308F) 004E  0000000001001110 ( 121) NEG             .FILL x004E
(3090) 006F  0000000001101111 ( 121)                 .FILL x006F
(3091) 0020  0000000000100000 ( 121)                 .FILL x0020
(3092) 0045  0000000001000101 ( 121)                 .FILL x0045
(3093) 006E  0000000001101110 ( 121)                 .FILL x006E
(3094) 0074  0000000001110100 ( 121)                 .FILL x0074
(3095) 0072  0000000001110010 ( 121)                 .FILL x0072
(3096) 0079  0000000001111001 ( 121)                 .FILL x0079
(3097) 0000  0000000000000000 ( 121)                 .FILL x0000
(3098) 30B9  0011000010111001 ( 128) ListPTR         .FILL x30B9
(3099) 0000  0000000000000000 ( 130)                 .FILL x0000
(309A) 0000  0000000000000000 ( 130)                 .FILL x0000
(309B) 0000  0000000000000000 ( 130)                 .FILL x0000
(309C) 0000  0000000000000000 ( 130)                 .FILL x0000
(309D) 0000  0000000000000000 ( 130)                 .FILL x0000
(309E) 0000  0000000000000000 ( 130)                 .FILL x0000
(309F) 0000  0000000000000000 ( 130)                 .FILL x0000
(30A0) 0000  0000000000000000 ( 130)                 .FILL x0000
(30A1) 0000  0000000000000000 ( 130)                 .FILL x0000
(30A2) 0000  0000000000000000 ( 130)                 .FILL x0000
(30A3) 0000  0000000000000000 ( 130)                 .FILL x0000
(30A4) 0000  0000000000000000 ( 130)                 .FILL x0000
(30A5) 0000  0000000000000000 ( 130)                 .FILL x0000
(30A6) 0000  0000000000000000 ( 130)                 .FILL x0000
(30A7) 0000  0000000000000000 ( 130)                 .FILL x0000
(30A8) 0000  0000000000000000 ( 130)                 .FILL x0000
(30A9) 0000  0000000000000000 ( 130)                 .FILL x0000
(30AA) 0000  0000000000000000 ( 130)                 .FILL x0000
(30AB) 0000  0000000000000000 ( 130)                 .FILL x0000
(30AC) 0000  0000000000000000 ( 130)                 .FILL x0000
(30AD) 0000  0000000000000000 ( 130)                 .FILL x0000
(30AE) 0000  0000000000000000 ( 130)                 .FILL x0000
(30AF) 0000  0000000000000000 ( 130)                 .FILL x0000
(30B0) 0000  0000000000000000 ( 130)                 .FILL x0000
(30B1) 0000  0000000000000000 ( 130)                 .FILL x0000
(30B2) 0000  0000000000000000 ( 130)                 .FILL x0000
(30B3) 0000  0000000000000000 ( 130)                 .FILL x0000
(30B4) 0000  0000000000000000 ( 130)                 .FILL x0000
(30B5) 0000  0000000000000000 ( 130)                 .FILL x0000
(30B6) 0000  0000000000000000 ( 130)                 .FILL x0000
(30B7) 0000  0000000000000000 ( 130)                 .FILL x0000
(30B8) 0000  0000000000000000 ( 130)                 .FILL x0000
(30B9) 321A  0011001000011010 ( 130) N0              .FILL x321A
(30BA) 3190  0011000110010000 ( 131)                 .FILL x3190
(30BB) 3194  0011000110010100 ( 132)                 .FILL x3194
(30BC) 3215  0011001000010101 ( 133)                 .FILL x3215
(30BD) 0000  0000000000000000 ( 135)                 .FILL x0000
(30BE) 0000  0000000000000000 ( 135)                 .FILL x0000
(30BF) 0000  0000000000000000 ( 135)                 .FILL x0000
(30C0) 0000  0000000000000000 ( 135)                 .FILL x0000
(30C1) 0000  0000000000000000 ( 135)                 .FILL x0000
(30C2) 0000  0000000000000000 ( 135)                 .FILL x0000
(30C3) 0000  0000000000000000 ( 135)                 .FILL x0000
(30C4) 0000  0000000000000000 ( 135)                 .FILL x0000
(30C5) 0000  0000000000000000 ( 135)                 .FILL x0000
(30C6) 0000  0000000000000000 ( 135)                 .FILL x0000
(30C7) 0000  0000000000000000 ( 135)                 .FILL x0000
(30C8) 0000  0000000000000000 ( 135)                 .FILL x0000
(30C9) 0000  0000000000000000 ( 135)                 .FILL x0000
(30CA) 0000  0000000000000000 ( 135)                 .FILL x0000
(30CB) 0000  0000000000000000 ( 135)                 .FILL x0000
(30CC) 0000  0000000000000000 ( 135)                 .FILL x0000
(30CD) 0000  0000000000000000 ( 135)                 .FILL x0000
(30CE) 0000  0000000000000000 ( 135)                 .FILL x0000
(30CF) 0000  0000000000000000 ( 135)                 .FILL x0000
(30D0) 0000  0000000000000000 ( 135)                 .FILL x0000
(30D1) 0000  0000000000000000 ( 135)                 .FILL x0000
(30D2) 0000  0000000000000000 ( 135)                 .FILL x0000
(30D3) 0000  0000000000000000 ( 135)                 .FILL x0000
(30D4) 0000  0000000000000000 ( 135)                 .FILL x0000
(30D5) 0000  0000000000000000 ( 135)                 .FILL x0000
(30D6) 0000  0000000000000000 ( 135)                 .FILL x0000
(30D7) 0000  0000000000000000 ( 135)                 .FILL x0000
(30D8) 0000  0000000000000000 ( 135)                 .FILL x0000
(30D9) 0000  0000000000000000 ( 135)                 .FILL x0000
(30DA) 0000  0000000000000000 ( 135)                 .FILL x0000
(30DB) 0000  0000000000000000 ( 135)                 .FILL x0000
(30DC) 0000  0000000000000000 ( 135)                 .FILL x0000
(30DD) 0000  0000000000000000 ( 135)                 .FILL x0000
(30DE) 0000  0000000000000000 ( 135)                 .FILL x0000
(30DF) 0000  0000000000000000 ( 135)                 .FILL x0000
(30E0) 0000  0000000000000000 ( 135)                 .FILL x0000
(30E1) 0000  0000000000000000 ( 135)                 .FILL x0000
(30E2) 0000  0000000000000000 ( 135)                 .FILL x0000
(30E3) 0000  0000000000000000 ( 135)                 .FILL x0000
(30E4) 0000  0000000000000000 ( 135)                 .FILL x0000
(30E5) 0000  0000000000000000 ( 135)                 .FILL x0000
(30E6) 0000  0000000000000000 ( 135)                 .FILL x0000
(30E7) 0000  0000000000000000 ( 135)                 .FILL x0000
(30E8) 0000  0000000000000000 ( 135)                 .FILL x0000
(30E9) 0000  0000000000000000 ( 135)                 .FILL x0000
(30EA) 0000  0000000000000000 ( 135)                 .FILL x0000
(30EB) 0000  0000000000000000 ( 135)                 .FILL x0000
(30EC) 0000  0000000000000000 ( 135)                 .FILL x0000
(30ED) 0000  0000000000000000 ( 135)                 .FILL x0000
(30EE) 0000  0000000000000000 ( 135)                 .FILL x0000
(30EF) 0000  0000000000000000 ( 135)                 .FILL x0000
(30F0) 0000  0000000000000000 ( 135)                 .FILL x0000
(30F1) 0000  0000000000000000 ( 135)                 .FILL x0000
(30F2) 0000  0000000000000000 ( 135)                 .FILL x0000
(30F3) 0000  0000000000000000 ( 135)                 .FILL x0000
(30F4) 0000  0000000000000000 ( 135)                 .FILL x0000
(30F5) 0000  0000000000000000 ( 135)                 .FILL x0000
(30F6) 0000  0000000000000000 ( 135)                 .FILL x0000
(30F7) 0000  0000000000000000 ( 135)                 .FILL x0000
(30F8) 0000  0000000000000000 ( 135)                 .FILL x0000
(30F9) 0000  0000000000000000 ( 135)                 .FILL x0000
(30FA) 0000  0000000000000000 ( 135)                 .FILL x0000
(30FB) 0000  0000000000000000 ( 135)                 .FILL x0000
(30FC) 0000  0000000000000000 ( 135)                 .FILL x0000
(30FD) 0000  0000000000000000 ( 135)                 .FILL x0000
(30FE) 0000  0000000000000000 ( 135)                 .FILL x0000
(30FF) 0000  0000000000000000 ( 135)                 .FILL x0000
(3100) 0000  0000000000000000 ( 135)                 .FILL x0000
(3101) 0000  0000000000000000 ( 135)                 .FILL x0000
(3102) 0000  0000000000000000 ( 135)                 .FILL x0000
(3103) 0000  0000000000000000 ( 135)                 .FILL x0000
(3104) 0000  0000000000000000 ( 135)                 .FILL x0000
(3105) 0000  0000000000000000 ( 135)                 .FILL x0000
(3106) 0000  0000000000000000 ( 135)                 .FILL x0000
(3107) 0000  0000000000000000 ( 135)                 .FILL x0000
(3108) 0000  0000000000000000 ( 135)                 .FILL x0000
(3109) 0000  0000000000000000 ( 135)                 .FILL x0000
(310A) 0000  0000000000000000 ( 135)                 .FILL x0000
(310B) 0000  0000000000000000 ( 135)                 .FILL x0000
(310C) 0000  0000000000000000 ( 135)                 .FILL x0000
(310D) 0000  0000000000000000 ( 135)                 .FILL x0000
(310E) 0000  0000000000000000 ( 135)                 .FILL x0000
(310F) 0000  0000000000000000 ( 135)                 .FILL x0000
(3110) 0000  0000000000000000 ( 135)                 .FILL x0000
(3111) 0043  0000000001000011 ( 135) L4              .FILL x0043
(3112) 0068  0000000001101000 ( 135)                 .FILL x0068
(3113) 0065  0000000001100101 ( 135)                 .FILL x0065
(3114) 006E  0000000001101110 ( 135)                 .FILL x006E
(3115) 0000  0000000000000000 ( 135)                 .FILL x0000
(3116) 0059  0000000001011001 ( 136) F6              .FILL x0059
(3117) 0075  0000000001110101 ( 136)                 .FILL x0075
(3118) 0065  0000000001100101 ( 136)                 .FILL x0065
(3119) 0074  0000000001110100 ( 136)                 .FILL x0074
(311A) 0069  0000000001101001 ( 136)                 .FILL x0069
(311B) 006E  0000000001101110 ( 136)                 .FILL x006E
(311C) 0067  0000000001100111 ( 136)                 .FILL x0067
(311D) 0000  0000000000000000 ( 136)                 .FILL x0000
(311E) 31F8  0011000111111000 ( 137) N3              .FILL x31F8
(311F) 319B  0011000110011011 ( 138)                 .FILL x319B
(3120) 31C4  0011000111000100 ( 139)                 .FILL x31C4
(3121) 31FF  0011000111111111 ( 140)                 .FILL x31FF
(3122) 0058  0000000001011000 ( 141) F1              .FILL x0058
(3123) 0069  0000000001101001 ( 141)                 .FILL x0069
(3124) 0061  0000000001100001 ( 141)                 .FILL x0061
(3125) 006F  0000000001101111 ( 141)                 .FILL x006F
(3126) 0066  0000000001100110 ( 141)                 .FILL x0066
(3127) 0065  0000000001100101 ( 141)                 .FILL x0065
(3128) 0069  0000000001101001 ( 141)                 .FILL x0069
(3129) 0000  0000000000000000 ( 141)                 .FILL x0000
(312A) 31B6  0011000110110110 ( 142) N6              .FILL x31B6
(312B) 31A7  0011000110100111 ( 143)                 .FILL x31A7
(312C) 3116  0011000100010110 ( 144)                 .FILL x3116
(312D) 31E8  0011000111101000 ( 145)                 .FILL x31E8
(312E) 0000  0000000000000000 ( 147)                 .FILL x0000
(312F) 0000  0000000000000000 ( 147)                 .FILL x0000
(3130) 0000  0000000000000000 ( 147)                 .FILL x0000
(3131) 0000  0000000000000000 ( 147)                 .FILL x0000
(3132) 0000  0000000000000000 ( 147)                 .FILL x0000
(3133) 0000  0000000000000000 ( 147)                 .FILL x0000
(3134) 0000  0000000000000000 ( 147)                 .FILL x0000
(3135) 0000  0000000000000000 ( 147)                 .FILL x0000
(3136) 0000  0000000000000000 ( 147)                 .FILL x0000
(3137) 0000  0000000000000000 ( 147)                 .FILL x0000
(3138) 0000  0000000000000000 ( 147)                 .FILL x0000
(3139) 0000  0000000000000000 ( 147)                 .FILL x0000
(313A) 0000  0000000000000000 ( 147)                 .FILL x0000
(313B) 0000  0000000000000000 ( 147)                 .FILL x0000
(313C) 0000  0000000000000000 ( 147)                 .FILL x0000
(313D) 0000  0000000000000000 ( 147)                 .FILL x0000
(313E) 0000  0000000000000000 ( 147)                 .FILL x0000
(313F) 0000  0000000000000000 ( 147)                 .FILL x0000
(3140) 0000  0000000000000000 ( 147)                 .FILL x0000
(3141) 0000  0000000000000000 ( 147)                 .FILL x0000
(3142) 0000  0000000000000000 ( 147)                 .FILL x0000
(3143) 0000  0000000000000000 ( 147)                 .FILL x0000
(3144) 0000  0000000000000000 ( 147)                 .FILL x0000
(3145) 0000  0000000000000000 ( 147)                 .FILL x0000
(3146) 0000  0000000000000000 ( 147)                 .FILL x0000
(3147) 0000  0000000000000000 ( 147)                 .FILL x0000
(3148) 0000  0000000000000000 ( 147)                 .FILL x0000
(3149) 0000  0000000000000000 ( 147)                 .FILL x0000
(314A) 0000  0000000000000000 ( 147)                 .FILL x0000
(314B) 0000  0000000000000000 ( 147)                 .FILL x0000
(314C) 0000  0000000000000000 ( 147)                 .FILL x0000
(314D) 0000  0000000000000000 ( 147)                 .FILL x0000
(314E) 0000  0000000000000000 ( 147)                 .FILL x0000
(314F) 0000  0000000000000000 ( 147)                 .FILL x0000
(3150) 0000  0000000000000000 ( 147)                 .FILL x0000
(3151) 0000  0000000000000000 ( 147)                 .FILL x0000
(3152) 0000  0000000000000000 ( 147)                 .FILL x0000
(3153) 0000  0000000000000000 ( 147)                 .FILL x0000
(3154) 0000  0000000000000000 ( 147)                 .FILL x0000
(3155) 0000  0000000000000000 ( 147)                 .FILL x0000
(3156) 0000  0000000000000000 ( 147)                 .FILL x0000
(3157) 0000  0000000000000000 ( 147)                 .FILL x0000
(3158) 0000  0000000000000000 ( 147)                 .FILL x0000
(3159) 0000  0000000000000000 ( 147)                 .FILL x0000
(315A) 0000  0000000000000000 ( 147)                 .FILL x0000
(315B) 0000  0000000000000000 ( 147)                 .FILL x0000
(315C) 0000  0000000000000000 ( 147)                 .FILL x0000
(315D) 0000  0000000000000000 ( 147)                 .FILL x0000
(315E) 0000  0000000000000000 ( 147)                 .FILL x0000
(315F) 0000  0000000000000000 ( 147)                 .FILL x0000
(3160) 0000  0000000000000000 ( 147)                 .FILL x0000
(3161) 0000  0000000000000000 ( 147)                 .FILL x0000
(3162) 0000  0000000000000000 ( 147)                 .FILL x0000
(3163) 0000  0000000000000000 ( 147)                 .FILL x0000
(3164) 0000  0000000000000000 ( 147)                 .FILL x0000
(3165) 0000  0000000000000000 ( 147)                 .FILL x0000
(3166) 0000  0000000000000000 ( 147)                 .FILL x0000
(3167) 0000  0000000000000000 ( 147)                 .FILL x0000
(3168) 0000  0000000000000000 ( 147)                 .FILL x0000
(3169) 0000  0000000000000000 ( 147)                 .FILL x0000
(316A) 0000  0000000000000000 ( 147)                 .FILL x0000
(316B) 0000  0000000000000000 ( 147)                 .FILL x0000
(316C) 0000  0000000000000000 ( 147)                 .FILL x0000
(316D) 0000  0000000000000000 ( 147)                 .FILL x0000
(316E) 0000  0000000000000000 ( 147)                 .FILL x0000
(316F) 0000  0000000000000000 ( 147)                 .FILL x0000
(3170) 0000  0000000000000000 ( 147)                 .FILL x0000
(3171) 0000  0000000000000000 ( 147)                 .FILL x0000
(3172) 0000  0000000000000000 ( 147)                 .FILL x0000
(3173) 0000  0000000000000000 ( 147)                 .FILL x0000
(3174) 0000  0000000000000000 ( 147)                 .FILL x0000
(3175) 0000  0000000000000000 ( 147)                 .FILL x0000
(3176) 0000  0000000000000000 ( 147)                 .FILL x0000
(3177) 0000  0000000000000000 ( 147)                 .FILL x0000
(3178) 0000  0000000000000000 ( 147)                 .FILL x0000
(3179) 0000  0000000000000000 ( 147)                 .FILL x0000
(317A) 0000  0000000000000000 ( 147)                 .FILL x0000
(317B) 0000  0000000000000000 ( 147)                 .FILL x0000
(317C) 0000  0000000000000000 ( 147)                 .FILL x0000
(317D) 0000  0000000000000000 ( 147)                 .FILL x0000
(317E) 0000  0000000000000000 ( 147)                 .FILL x0000
(317F) 0000  0000000000000000 ( 147)                 .FILL x0000
(3180) 0000  0000000000000000 ( 147)                 .FILL x0000
(3181) 0000  0000000000000000 ( 147)                 .FILL x0000
(3182) 0000  0000000000000000 ( 147)                 .FILL x0000
(3183) 0000  0000000000000000 ( 147)                 .FILL x0000
(3184) 0000  0000000000000000 ( 147)                 .FILL x0000
(3185) 0000  0000000000000000 ( 147)                 .FILL x0000
(3186) 0000  0000000000000000 ( 147)                 .FILL x0000
(3187) 0000  0000000000000000 ( 147)                 .FILL x0000
(3188) 0000  0000000000000000 ( 147)                 .FILL x0000
(3189) 0000  0000000000000000 ( 147)                 .FILL x0000
(318A) 0000  0000000000000000 ( 147)                 .FILL x0000
(318B) 0000  0000000000000000 ( 147)                 .FILL x0000
(318C) 0000  0000000000000000 ( 147)                 .FILL x0000
(318D) 0000  0000000000000000 ( 147)                 .FILL x0000
(318E) 0000  0000000000000000 ( 147)                 .FILL x0000
(318F) 0000  0000000000000000 ( 147)                 .FILL x0000
(3190) 0032  0000000000110010 ( 147) P0              .FILL x0032
(3191) 0030  0000000000110000 ( 147)                 .FILL x0030
(3192) 0031  0000000000110001 ( 147)                 .FILL x0031
(3193) 0000  0000000000000000 ( 147)                 .FILL x0000
(3194) 0057  0000000001010111 ( 148) F0              .FILL x0057
(3195) 0065  0000000001100101 ( 148)                 .FILL x0065
(3196) 006E  0000000001101110 ( 148)                 .FILL x006E
(3197) 007A  0000000001111010 ( 148)                 .FILL x007A
(3198) 0068  0000000001101000 ( 148)                 .FILL x0068
(3199) 0069  0000000001101001 ( 148)                 .FILL x0069
(319A) 0000  0000000000000000 ( 148)                 .FILL x0000
(319B) 0033  0000000000110011 ( 149) P3              .FILL x0033
(319C) 0030  0000000000110000 ( 149)                 .FILL x0030
(319D) 0031  0000000000110001 ( 149)                 .FILL x0031
(319E) 0000  0000000000000000 ( 149)                 .FILL x0000
(319F) 311E  0011000100011110 ( 150) N2              .FILL x311E
(31A0) 31A3  0011000110100011 ( 151)                 .FILL x31A3
(31A1) 321E  0011001000011110 ( 152)                 .FILL x321E
(31A2) 3203  0011001000000011 ( 153)                 .FILL x3203
(31A3) 0035  0000000000110101 ( 154) P2              .FILL x0035
(31A4) 0033  0000000000110011 ( 154)                 .FILL x0033
(31A5) 0033  0000000000110011 ( 154)                 .FILL x0033
(31A6) 0000  0000000000000000 ( 154)                 .FILL x0000
(31A7) 0031  0000000000110001 ( 155) P6              .FILL x0031
(31A8) 0031  0000000000110001 ( 155)                 .FILL x0031
(31A9) 0030  0000000000110000 ( 155)                 .FILL x0030
(31AA) 0000  0000000000000000 ( 155)                 .FILL x0000
(31AB) 0035  0000000000110101 ( 156) P7              .FILL x0035
(31AC) 0031  0000000000110001 ( 156)                 .FILL x0031
(31AD) 0032  0000000000110010 ( 156)                 .FILL x0032
(31AE) 0000  0000000000000000 ( 156)                 .FILL x0000
(31AF) 0000  0000000000000000 ( 158)                 .FILL x0000
(31B0) 0000  0000000000000000 ( 158)                 .FILL x0000
(31B1) 0000  0000000000000000 ( 158)                 .FILL x0000
(31B2) 0000  0000000000000000 ( 158)                 .FILL x0000
(31B3) 0000  0000000000000000 ( 158)                 .FILL x0000
(31B4) 0000  0000000000000000 ( 158)                 .FILL x0000
(31B5) 0000  0000000000000000 ( 158)                 .FILL x0000
(31B6) 31C8  0011000111001000 ( 158) N7              .FILL x31C8
(31B7) 31AB  0011000110101011 ( 159)                 .FILL x31AB
(31B8) 322B  0011001000101011 ( 160)                 .FILL x322B
(31B9) 3234  0011001000110100 ( 161)                 .FILL x3234
(31BA) 0034  0000000000110100 ( 162) P4              .FILL x0034
(31BB) 0031  0000000000110001 ( 162)                 .FILL x0031
(31BC) 0032  0000000000110010 ( 162)                 .FILL x0032
(31BD) 0000  0000000000000000 ( 162)                 .FILL x0000
(31BE) 004A  0000000001001010 ( 163) L5              .FILL x004A
(31BF) 0069  0000000001101001 ( 163)                 .FILL x0069
(31C0) 0061  0000000001100001 ( 163)                 .FILL x0061
(31C1) 006E  0000000001101110 ( 163)                 .FILL x006E
(31C2) 0067  0000000001100111 ( 163)                 .FILL x0067
(31C3) 0000  0000000000000000 ( 163)                 .FILL x0000
(31C4) 0053  0000000001010011 ( 164) F3              .FILL x0053
(31C5) 0068  0000000001101000 ( 164)                 .FILL x0068
(31C6) 0069  0000000001101001 ( 164)                 .FILL x0069
(31C7) 0000  0000000000000000 ( 164)                 .FILL x0000
(31C8) 0000  0000000000000000 ( 166) N8              .FILL x0000
(31C9) 320B  0011001000001011 ( 167)                 .FILL x320B
(31CA) 3223  0011001000100011 ( 168)                 .FILL x3223
(31CB) 31CC  0011000111001100 ( 169)                 .FILL x31CC
(31CC) 004A  0000000001001010 ( 170) L8              .FILL x004A
(31CD) 0069  0000000001101001 ( 170)                 .FILL x0069
(31CE) 006E  0000000001101110 ( 170)                 .FILL x006E
(31CF) 0000  0000000000000000 ( 170)                 .FILL x0000
(31D0) 0044  0000000001000100 ( 171) P1              .FILL x0044
(31D1) 0069  0000000001101001 ( 171)                 .FILL x0069
(31D2) 0064  0000000001100100 ( 171)                 .FILL x0064
(31D3) 0069  0000000001101001 ( 171)                 .FILL x0069
(31D4) 0020  0000000000100000 ( 171)                 .FILL x0020
(31D5) 0052  0000000001010010 ( 171)                 .FILL x0052
(31D6) 0065  0000000001100101 ( 171)                 .FILL x0065
(31D7) 0073  0000000001110011 ( 171)                 .FILL x0073
(31D8) 0065  0000000001100101 ( 171)                 .FILL x0065
(31D9) 0061  0000000001100001 ( 171)                 .FILL x0061
(31DA) 0072  0000000001110010 ( 171)                 .FILL x0072
(31DB) 0063  0000000001100011 ( 171)                 .FILL x0063
(31DC) 0068  0000000001101000 ( 171)                 .FILL x0068
(31DD) 0020  0000000000100000 ( 171)                 .FILL x0020
(31DE) 0049  0000000001001001 ( 171)                 .FILL x0049
(31DF) 006E  0000000001101110 ( 171)                 .FILL x006E
(31E0) 0073  0000000001110011 ( 171)                 .FILL x0073
(31E1) 0074  0000000001110100 ( 171)                 .FILL x0074
(31E2) 0069  0000000001101001 ( 171)                 .FILL x0069
(31E3) 0074  0000000001110100 ( 171)                 .FILL x0074
(31E4) 0075  0000000001110101 ( 171)                 .FILL x0075
(31E5) 0074  0000000001110100 ( 171)                 .FILL x0074
(31E6) 0065  0000000001100101 ( 171)                 .FILL x0065
(31E7) 0000  0000000000000000 ( 171)                 .FILL x0000
(31E8) 005A  0000000001011010 ( 172) L6              .FILL x005A
(31E9) 0068  0000000001101000 ( 172)                 .FILL x0068
(31EA) 0075  0000000001110101 ( 172)                 .FILL x0075
(31EB) 0061  0000000001100001 ( 172)                 .FILL x0061
(31EC) 006E  0000000001101110 ( 172)                 .FILL x006E
(31ED) 0067  0000000001100111 ( 172)                 .FILL x0067
(31EE) 0000  0000000000000000 ( 172)                 .FILL x0000
(31EF) 0058  0000000001011000 ( 173) F5              .FILL x0058
(31F0) 0069  0000000001101001 ( 173)                 .FILL x0069
(31F1) 0061  0000000001100001 ( 173)                 .FILL x0061
(31F2) 006F  0000000001101111 ( 173)                 .FILL x006F
(31F3) 0068  0000000001101000 ( 173)                 .FILL x0068
(31F4) 006F  0000000001101111 ( 173)                 .FILL x006F
(31F5) 006E  0000000001101110 ( 173)                 .FILL x006E
(31F6) 0067  0000000001100111 ( 173)                 .FILL x0067
(31F7) 0000  0000000000000000 ( 173)                 .FILL x0000
(31F8) 3207  0011001000000111 ( 174) N4              .FILL x3207
(31F9) 31BA  0011000110111010 ( 175)                 .FILL x31BA
(31FA) 3210  0011001000010000 ( 176)                 .FILL x3210
(31FB) 3111  0011000100010001 ( 177)                 .FILL x3111
(31FC) 0048  0000000001001000 ( 178) L1              .FILL x0048
(31FD) 0065  0000000001100101 ( 178)                 .FILL x0065
(31FE) 0000  0000000000000000 ( 178)                 .FILL x0000
(31FF) 0043  0000000001000011 ( 179) L3              .FILL x0043
(3200) 0061  0000000001100001 ( 179)                 .FILL x0061
(3201) 0069  0000000001101001 ( 179)                 .FILL x0069
(3202) 0000  0000000000000000 ( 179)                 .FILL x0000
(3203) 0050  0000000001010000 ( 180) L2              .FILL x0050
(3204) 0061  0000000001100001 ( 180)                 .FILL x0061
(3205) 006E  0000000001101110 ( 180)                 .FILL x006E
(3206) 0000  0000000000000000 ( 180)                 .FILL x0000
(3207) 312A  0011000100101010 ( 181) N5              .FILL x312A
(3208) 3227  0011001000100111 ( 182)                 .FILL x3227
(3209) 31EF  0011000111101111 ( 183)                 .FILL x31EF
(320A) 31BE  0011000110111110 ( 184)                 .FILL x31BE
(320B) 0054  0000000001010100 ( 185) P8              .FILL x0054
(320C) 002E  0000000000101110 ( 185)                 .FILL x002E
(320D) 0041  0000000001000001 ( 185)                 .FILL x0041
(320E) 002E  0000000000101110 ( 185)                 .FILL x002E
(320F) 0000  0000000000000000 ( 185)                 .FILL x0000
(3210) 0047  0000000001000111 ( 186) F4              .FILL x0047
(3211) 0061  0000000001100001 ( 186)                 .FILL x0061
(3212) 006E  0000000001101110 ( 186)                 .FILL x006E
(3213) 0067  0000000001100111 ( 186)                 .FILL x0067
(3214) 0000  0000000000000000 ( 186)                 .FILL x0000
(3215) 0043  0000000001000011 ( 187) L0              .FILL x0043
(3216) 0068  0000000001101000 ( 187)                 .FILL x0068
(3217) 0065  0000000001100101 ( 187)                 .FILL x0065
(3218) 006E  0000000001101110 ( 187)                 .FILL x006E
(3219) 0000  0000000000000000 ( 187)                 .FILL x0000
(321A) 319F  0011000110011111 ( 188) N1              .FILL x319F
(321B) 31D0  0011000111010000 ( 189)                 .FILL x31D0
(321C) 3122  0011000100100010 ( 190)                 .FILL x3122
(321D) 31FC  0011000111111100 ( 191)                 .FILL x31FC
(321E) 0047  0000000001000111 ( 192) F2              .FILL x0047
(321F) 0061  0000000001100001 ( 192)                 .FILL x0061
(3220) 006E  0000000001101110 ( 192)                 .FILL x006E
(3221) 0067  0000000001100111 ( 192)                 .FILL x0067
(3222) 0000  0000000000000000 ( 192)                 .FILL x0000
(3223) 0054  0000000001010100 ( 193) F8              .FILL x0054
(3224) 0061  0000000001100001 ( 193)                 .FILL x0061
(3225) 006F  0000000001101111 ( 193)                 .FILL x006F
(3226) 0000  0000000000000000 ( 193)                 .FILL x0000
(3227) 0035  0000000000110101 ( 194) P5              .FILL x0035
(3228) 0032  0000000000110010 ( 194)                 .FILL x0032
(3229) 0030  0000000000110000 ( 194)                 .FILL x0030
(322A) 0000  0000000000000000 ( 194)                 .FILL x0000
(322B) 0051  0000000001010001 ( 195) F7              .FILL x0051
(322C) 0069  0000000001101001 ( 195)                 .FILL x0069
(322D) 006E  0000000001101110 ( 195)                 .FILL x006E
(322E) 0067  0000000001100111 ( 195)                 .FILL x0067
(322F) 0073  0000000001110011 ( 195)                 .FILL x0073
(3230) 006F  0000000001101111 ( 195)                 .FILL x006F
(3231) 006E  0000000001101110 ( 195)                 .FILL x006E
(3232) 0067  0000000001100111 ( 195)                 .FILL x0067
(3233) 0000  0000000000000000 ( 195)                 .FILL x0000
(3234) 0053  0000000001010011 ( 196) L7              .FILL x0053
(3235) 0068  0000000001101000 ( 196)                 .FILL x0068
(3236) 0069  0000000001101001 ( 196)                 .FILL x0069
(3237) 0000  0000000000000000 ( 196)                 .FILL x0000
