(0000) 3000  0011000000000000 (   1)                 .ORIG x3000
(3000) 321A  0011001000011010 (   3) start           ST    R1 saver1
(3001) 341A  0011010000011010 (   4)                 ST    R2 saver2
(3002) 361A  0011011000011010 (   5)                 ST    R3 saver3
(3003) 241E  0010010000011110 (   7)                 LD    R2 newline
(3004) A619  1010011000011001 (   8) L1              LDI   R3 DSR
(3005) 07FE  0000011111111110 (   9)                 BRZP  L1
(3006) B418  1011010000011000 (  10)                 STI   R2 DDR
(3007) E21B  1110001000011011 (  12)                 LEA   R1 prompt
(3008) 6040  0110000001000000 (  14) loop            LDR   R0 R1 #0
(3009) 0405  0000010000000101 (  15)                 BRZ   input
(300A) A613  1010011000010011 (  16) L2              LDI   R3 DSR
(300B) 07FE  0000011111111110 (  17)                 BRZP  L2
(300C) B012  1011000000010010 (  18)                 STI   R0 DDR
(300D) 1261  0001001001100001 (  20)                 ADD   R1 R1 #1
(300E) 0FF9  0000111111111001 (  21)                 BRNZP loop
(300F) A610  1010011000010000 (  23) input           LDI   R3 KBSR
(3010) 07FE  0000011111111110 (  24)                 BRZP  input
(3011) A00F  1010000000001111 (  25)                 LDI   R0 KBDR
(3012) A60B  1010011000001011 (  26) L3              LDI   R3 DSR
(3013) 07FE  0000011111111110 (  27)                 BRZP  L3
(3014) B00A  1011000000001010 (  28)                 STI   R0 DDR
(3015) A608  1010011000001000 (  30) L4              LDI   R3 DSR
(3016) 07FE  0000011111111110 (  31)                 BRZP  L4
(3017) B407  1011010000000111 (  32)                 STI   R2 DDR
(3018) 2202  0010001000000010 (  33)                 LD    R1 saver1
(3019) 2603  0010011000000011 (  34)                 LD    R3 saver3
(301A) C1C0  1100000111000000 (  35)                 RET   
(301B) 0000  0000000000000000 (  38) saver1          .FILL x0000
(301C) 0000  0000000000000000 (  39) saver2          .FILL x0000
(301D) 0000  0000000000000000 (  40) saver3          .FILL x0000
(301E) FE04  1111111000000100 (  40) DSR             .FILL xFE04
(301F) FE06  1111111000000110 (  41) DDR             .FILL xFE06
(3020) FE00  1111111000000000 (  42) KBSR            .FILL xFE00
(3021) FE02  1111111000000010 (  43) KBDR            .FILL xFE02
(3022) 000A  0000000000001010 (  44) newline         .FILL x000A
(3023) 0049  0000000001001001 (  45) prompt          .FILL x0049
(3024) 006E  0000000001101110 (  45)                 .FILL x006E
(3025) 0070  0000000001110000 (  45)                 .FILL x0070
(3026) 0075  0000000001110101 (  45)                 .FILL x0075
(3027) 0074  0000000001110100 (  45)                 .FILL x0074
(3028) 0020  0000000000100000 (  45)                 .FILL x0020
(3029) 0061  0000000001100001 (  45)                 .FILL x0061
(302A) 0020  0000000000100000 (  45)                 .FILL x0020
(302B) 0063  0000000001100011 (  45)                 .FILL x0063
(302C) 0068  0000000001101000 (  45)                 .FILL x0068
(302D) 0061  0000000001100001 (  45)                 .FILL x0061
(302E) 0072  0000000001110010 (  45)                 .FILL x0072
(302F) 0061  0000000001100001 (  45)                 .FILL x0061
(3030) 0063  0000000001100011 (  45)                 .FILL x0063
(3031) 0074  0000000001110100 (  45)                 .FILL x0074
(3032) 0065  0000000001100101 (  45)                 .FILL x0065
(3033) 0072  0000000001110010 (  45)                 .FILL x0072
(3034) 003A  0000000000111010 (  45)                 .FILL x003A
(3035) 0020  0000000000100000 (  45)                 .FILL x0020
(3036) 0000  0000000000000000 (  45)                 .FILL x0000
