(0000) 2000  0010000000000000 (   1)                 .ORIG x2000
(2000) 54A0  0101010010100000 (   3)                 AND   R2 R2 #0
(2001) 14AA  0001010010101010 (   4)                 ADD   R2 R2 #10
(2002) A012  1010000000010010 (   6) print           LDI   R0 KBDR
(2003) A20F  1010001000001111 (   9) dis_stat        LDI   R1 DSR
(2004) 07FE  0000011111111110 (  13)                 BRZP  dis_stat
(2005) B00E  1011000000001110 (  14)                 STI   R0 DDR
(2006) 14BF  0001010010111111 (  16)                 ADD   R2 R2 #-1
(2007) 03FA  0000001111111010 (  17)                 BRP   print
(2008) 0802  0000100000000010 (  19)                 BRN   TRANS
(2009) 200C  0010000000001100 (  22)                 LD    R0 enter
(200A) 07F8  0000011111111000 (  23)                 BRZP  dis_stat
(200B) 16E1  0001011011100001 (  26) TRANS           ADD   R3 R3 #1
(200C) 50E1  0101000011100001 (  28)                 AND   R0 R3 #1
(200D) 0A02  0000101000000010 (  32)                 BRNP  hashtag
(200E) 1939  0001100100111001 (  36) star            ADD   R4 R4 #-7
(200F) 0E01  0000111000000001 (  41)                 BRNZP clear
(2010) 1927  0001100100100111 (  45) hashtag         ADD   R4 R4 #7
(2011) 1120  0001000100100000 (  51) clear           ADD   R0 R4 #0
(2012) 8000  1000000000000000 (  55)                 RTI   
(2013) FE04  1111111000000100 (  57) DSR             .FILL xFE04
(2014) FE06  1111111000000110 (  58) DDR             .FILL xFE06
(2015) FE02  1111111000000010 (  59) KBDR            .FILL xFE02
(2016) 000A  0000000000001010 (  61) enter           .FILL x000A
