(0000) 3000  0011000000000000 (   1)                 .ORIG x3000
(3000) 5260  0101001001100000 (   4) Start_In        AND   R1 R1 #0
(3001) 14A0  0001010010100000 (   5)                 ADD   R2 R2 #0
(3002) E067  1110000001100111 (   6)                 LEA   R0 Quest
(3003) E257  1110001001010111 (   7)                 LEA   R1 Input
(3004) 5DA0  0101110110100000 (   8)                 AND   R6 R6 #0
(3005) 1DE0  0001110111100000 (   9)                 ADD   R6 R7 #0
(3006) F022  1111000000100010 (  10)                 TRAP  x22
(3007) F020  1111000000100000 (  14) store_char      TRAP  x20
(3008) F021  1111000000100001 (  15)                 TRAP  x21
(3009) 7040  0111000001000000 (  17)                 STR   R0 R1 #0
(300A) 1261  0001001001100001 (  18)                 ADD   R1 R1 #1
(300B) 5035  0101000000110101 (  19)                 AND   R0 R0 #-11
(300C) 0BFA  0000101111111010 (  20)                 BRNP  store_char
(300D) 127F  0001001001111111 (  23)                 ADD   R1 R1 #-1
(300E) 7040  0111000001000000 (  24)                 STR   R0 R1 #0
(300F) 5FE0  0101111111100000 (  25)                 AND   R7 R7 #0
(3010) 1FA0  0001111110100000 (  26)                 ADD   R7 R6 #0
(3011) E249  1110001001001001 (  33) NOT_IN          LEA   R1 Input
(3012) 6440  0110010001000000 (  36) not_again       LDR   R2 R1 #0
(3013) 94BF  1001010010111111 (  37)                 NOT   R2 R2
(3014) 7440  0111010001000000 (  38)                 STR   R2 R1 #0
(3015) 1261  0001001001100001 (  39)                 ADD   R1 R1 #1
(3016) 6440  0110010001000000 (  40)                 LDR   R2 R1 #0
(3017) 0BFA  0000101111111010 (  41)                 BRNP  not_again
(3018) 5DA0  0101110110100000 (  45)                 AND   R6 R6 #0
(3019) 1DA1  0001110110100001 (  46)                 ADD   R6 R6 #1
(301A) 2276  0010001001110110 (  47)                 LD    R1 lisDirect
(301B) E63F  1110011000111111 (  50) Start           LEA   R3 Input
(301C) 1462  0001010001100010 (  51)                 ADD   R2 R1 #2
(301D) 6480  0110010010000000 (  52)                 LDR   R2 R2 #0
(301E) 4828  0100100000101000 (  55)                 JSR   Compa
(301F) 0403  0000010000000011 (  56)                 BRZ   try_l
(3020) 480F  0100100000001111 (  58)                 JSR   Print
(3021) 5DA0  0101110110100000 (  59)                 AND   R6 R6 #0
(3022) 0E06  0000111000000110 (  60)                 BRNZP decision
(3023) 1463  0001010001100011 (  63) try_l           ADD   R2 R1 #3
(3024) 6480  0110010010000000 (  64)                 LDR   R2 R2 #0
(3025) 4821  0100100000100001 (  65)                 JSR   Compa
(3026) 0402  0000010000000010 (  66)                 BRZ   decision
(3027) 4808  0100100000001000 (  67)                 JSR   Print
(3028) 5DA0  0101110110100000 (  68)                 AND   R6 R6 #0
(3029) 6240  0110001001000000 (  72) decision        LDR   R1 R1 #0
(302A) 0BF0  0000101111110000 (  73)                 BRNP  Start
(302B) 1DA0  0001110110100000 (  76)                 ADD   R6 R6 #0
(302C) 0402  0000010000000010 (  79)                 BRZ   finalEND
(302D) E05A  1110000001011010 (  81)                 LEA   R0 NONE
(302E) F022  1111000000100010 (  82)                 TRAP  x22
(302F) F025  1111000000100101 (  85) finalEND        TRAP  x25
(3030) 5920  0101100100100000 (  96) Print           AND   R4 R4 #0
(3031) 1921  0001100100100001 (  97)                 ADD   R4 R4 #1
(3032) 192F  0001100100101111 (  98)                 ADD   R4 R4 #15
(3033) 1904  0001100100000100 (  99)                 ADD   R4 R4 R4
(3034) 1DE0  0001110111100000 ( 100)                 ADD   R6 R7 #0
(3035) 1063  0001000001100011 ( 101)                 ADD   R0 R1 #3
(3036) 6000  0110000000000000 ( 102)                 LDR   R0 R0 #0
(3037) F022  1111000000100010 ( 103)                 TRAP  x22
(3038) 1120  0001000100100000 ( 104)                 ADD   R0 R4 #0
(3039) F021  1111000000100001 ( 105)                 TRAP  x21
(303A) 1062  0001000001100010 ( 106)                 ADD   R0 R1 #2
(303B) 6000  0110000000000000 ( 107)                 LDR   R0 R0 #0
(303C) F022  1111000000100010 ( 108)                 TRAP  x22
(303D) 1120  0001000100100000 ( 109)                 ADD   R0 R4 #0
(303E) F021  1111000000100001 ( 110)                 TRAP  x21
(303F) 1061  0001000001100001 ( 111)                 ADD   R0 R1 #1
(3040) 6000  0110000000000000 ( 112)                 LDR   R0 R0 #0
(3041) F022  1111000000100010 ( 113)                 TRAP  x22
(3042) 5020  0101000000100000 ( 114)                 AND   R0 R0 #0
(3043) 102A  0001000000101010 ( 115)                 ADD   R0 R0 #10
(3044) F021  1111000000100001 ( 116)                 TRAP  x21
(3045) 1FA0  0001111110100000 ( 117)                 ADD   R7 R6 #0
(3046) C1C0  1100000111000000 ( 118)                 RET   
(3047) 6880  0110100010000000 ( 124) Compa           LDR   R4 R2 #0
(3048) 040A  0000010000001010 ( 125)                 BRZ   Stage2
(3049) 6AC0  0110101011000000 ( 126)                 LDR   R5 R3 #0
(304A) 040B  0000010000001011 ( 127)                 BRZ   Stage3
(304B) 1B05  0001101100000101 ( 128)                 ADD   R5 R4 R5
(304C) 1B61  0001101101100001 ( 129)                 ADD   R5 R5 #1
(304D) 0A03  0000101000000011 ( 130)                 BRNP  Stage1
(304E) 14A1  0001010010100001 ( 131)                 ADD   R2 R2 #1
(304F) 16E1  0001011011100001 ( 132)                 ADD   R3 R3 #1
(3050) 0FF6  0000111111110110 ( 133)                 BRNZP Compa
(3051) 5B60  0101101101100000 ( 136) Stage1          AND   R5 R5 #0
(3052) C1C0  1100000111000000 ( 137)                 RET   
(3053) 6AC0  0110101011000000 ( 140) Stage2          LDR   R5 R3 #0
(3054) 0BFC  0000101111111100 ( 141)                 BRNP  Stage1
(3055) 0402  0000010000000010 ( 142)                 BRZ   Stage4
(3056) 6880  0110100010000000 ( 145) Stage3          LDR   R4 R2 #0
(3057) 0BF9  0000101111111001 ( 146)                 BRNP  Stage1
(3058) 5B60  0101101101100000 ( 149) Stage4          AND   R5 R5 #0
(3059) 1B61  0001101101100001 ( 150)                 ADD   R5 R5 #1
(305A) C1C0  1100000111000000 ( 151)                 RET   
(305B) 0000  0000000000000000 ( 161) Input           .FILL x0000
(305C) 0000  0000000000000000 ( 161)                 .FILL x0000
(305D) 0000  0000000000000000 ( 161)                 .FILL x0000
(305E) 0000  0000000000000000 ( 161)                 .FILL x0000
(305F) 0000  0000000000000000 ( 161)                 .FILL x0000
(3060) 0000  0000000000000000 ( 161)                 .FILL x0000
(3061) 0000  0000000000000000 ( 161)                 .FILL x0000
(3062) 0000  0000000000000000 ( 161)                 .FILL x0000
(3063) 0000  0000000000000000 ( 161)                 .FILL x0000
(3064) 0000  0000000000000000 ( 161)                 .FILL x0000
(3065) 0000  0000000000000000 ( 161)                 .FILL x0000
(3066) 0000  0000000000000000 ( 161)                 .FILL x0000
(3067) 0000  0000000000000000 ( 161)                 .FILL x0000
(3068) 0000  0000000000000000 ( 161)                 .FILL x0000
(3069) 0000  0000000000000000 ( 161)                 .FILL x0000
(306A) 0054  0000000001010100 ( 161) Quest           .FILL x0054
(306B) 0079  0000000001111001 ( 161)                 .FILL x0079
(306C) 0070  0000000001110000 ( 161)                 .FILL x0070
(306D) 0065  0000000001100101 ( 161)                 .FILL x0065
(306E) 0020  0000000000100000 ( 161)                 .FILL x0020
(306F) 0061  0000000001100001 ( 161)                 .FILL x0061
(3070) 0020  0000000000100000 ( 161)                 .FILL x0020
(3071) 006E  0000000001101110 ( 161)                 .FILL x006E
(3072) 0061  0000000001100001 ( 161)                 .FILL x0061
(3073) 006D  0000000001101101 ( 161)                 .FILL x006D
(3074) 0065  0000000001100101 ( 161)                 .FILL x0065
(3075) 0020  0000000000100000 ( 161)                 .FILL x0020
(3076) 0061  0000000001100001 ( 161)                 .FILL x0061
(3077) 006E  0000000001101110 ( 161)                 .FILL x006E
(3078) 0064  0000000001100100 ( 161)                 .FILL x0064
(3079) 0020  0000000000100000 ( 161)                 .FILL x0020
(307A) 0070  0000000001110000 ( 161)                 .FILL x0070
(307B) 0072  0000000001110010 ( 161)                 .FILL x0072
(307C) 0065  0000000001100101 ( 161)                 .FILL x0065
(307D) 0073  0000000001110011 ( 161)                 .FILL x0073
(307E) 0073  0000000001110011 ( 161)                 .FILL x0073
(307F) 0020  0000000000100000 ( 161)                 .FILL x0020
(3080) 0045  0000000001000101 ( 161)                 .FILL x0045
(3081) 006E  0000000001101110 ( 161)                 .FILL x006E
(3082) 0074  0000000001110100 ( 161)                 .FILL x0074
(3083) 0065  0000000001100101 ( 161)                 .FILL x0065
(3084) 0072  0000000001110010 ( 161)                 .FILL x0072
(3085) 003A  0000000000111010 ( 161)                 .FILL x003A
(3086) 0020  0000000000100000 ( 161)                 .FILL x0020
(3087) 0000  0000000000000000 ( 161)                 .FILL x0000
(3088) 004E  0000000001001110 ( 162) NONE            .FILL x004E
(3089) 006F  0000000001101111 ( 162)                 .FILL x006F
(308A) 0020  0000000000100000 ( 162)                 .FILL x0020
(308B) 0045  0000000001000101 ( 162)                 .FILL x0045
(308C) 006E  0000000001101110 ( 162)                 .FILL x006E
(308D) 0074  0000000001110100 ( 162)                 .FILL x0074
(308E) 0072  0000000001110010 ( 162)                 .FILL x0072
(308F) 0079  0000000001111001 ( 162)                 .FILL x0079
(3090) 0000  0000000000000000 ( 162)                 .FILL x0000
(3091) 4000  0100000000000000 ( 169) lisDirect       .FILL x4000
