(0000) 3000  0011000000000000 (   1)                 .ORIG x3000
(3000) E22A  1110001000101010 (   3)                 LEA   R1 HELLO
(3001) 6440  0110010001000000 (   5)                 LDR   R2 R1 #0
(3002) E00F  1110000000001111 (   7)                 LEA   R0 PROMPT
(3003) F022  1111000000100010 (   8)                 TRAP  x22
(3004) 260C  0010011000001100 (   9)                 LD    R3 NEGENTER
(3005) F020  1111000000100000 (  11) AGAIN2          TRAP  x20
(3006) F021  1111000000100001 (  12)                 TRAP  x21
(3007) 1403  0001010000000011 (  13)                 ADD   R2 R0 R3
(3008) 0403  0000010000000011 (  14)                 BRZ   CONT
(3009) 7040  0111000001000000 (  15)                 STR   R0 R1 #0
(300A) 1261  0001001001100001 (  16)                 ADD   R1 R1 #1
(300B) 0FF9  0000111111111001 (  17)                 BRNZP AGAIN2
(300C) 54A0  0101010010100000 (  19) CONT            AND   R2 R2 #0
(300D) 7480  0111010010000000 (  20)                 STR   R2 R2 #0
(300E) E01C  1110000000011100 (  21)                 LEA   R0 HELLO
(300F) F022  1111000000100010 (  22)                 TRAP  x22
(3010) F025  1111000000100101 (  25)                 TRAP  x25
(3011) FFF6  1111111111110110 (  28) NEGENTER        .FILL xFFF6
(3012) 0050  0000000001010000 (  31) PROMPT          .FILL x0050
(3013) 006C  0000000001101100 (  31)                 .FILL x006C
(3014) 0065  0000000001100101 (  31)                 .FILL x0065
(3015) 0061  0000000001100001 (  31)                 .FILL x0061
(3016) 0073  0000000001110011 (  31)                 .FILL x0073
(3017) 0065  0000000001100101 (  31)                 .FILL x0065
(3018) 0020  0000000000100000 (  31)                 .FILL x0020
(3019) 0065  0000000001100101 (  31)                 .FILL x0065
(301A) 006E  0000000001101110 (  31)                 .FILL x006E
(301B) 0074  0000000001110100 (  31)                 .FILL x0074
(301C) 0065  0000000001100101 (  31)                 .FILL x0065
(301D) 0072  0000000001110010 (  31)                 .FILL x0072
(301E) 0020  0000000000100000 (  31)                 .FILL x0020
(301F) 0079  0000000001111001 (  31)                 .FILL x0079
(3020) 006F  0000000001101111 (  31)                 .FILL x006F
(3021) 0075  0000000001110101 (  31)                 .FILL x0075
(3022) 0072  0000000001110010 (  31)                 .FILL x0072
(3023) 0020  0000000000100000 (  31)                 .FILL x0020
(3024) 006E  0000000001101110 (  31)                 .FILL x006E
(3025) 0061  0000000001100001 (  31)                 .FILL x0061
(3026) 006D  0000000001101101 (  31)                 .FILL x006D
(3027) 0065  0000000001100101 (  31)                 .FILL x0065
(3028) 003A  0000000000111010 (  31)                 .FILL x003A
(3029) 0020  0000000000100000 (  31)                 .FILL x0020
(302A) 0000  0000000000000000 (  31)                 .FILL x0000
(302B) 0000  0000000000000000 (  37) HELLO           .FILL x0000
(302C) 0000  0000000000000000 (  37)                 .FILL x0000
(302D) 0000  0000000000000000 (  37)                 .FILL x0000
(302E) 0000  0000000000000000 (  37)                 .FILL x0000
(302F) 0000  0000000000000000 (  37)                 .FILL x0000
(3030) 0000  0000000000000000 (  37)                 .FILL x0000
(3031) 0000  0000000000000000 (  37)                 .FILL x0000
(3032) 0000  0000000000000000 (  37)                 .FILL x0000
(3033) 0000  0000000000000000 (  37)                 .FILL x0000
(3034) 0000  0000000000000000 (  37)                 .FILL x0000
(3035) 0000  0000000000000000 (  37)                 .FILL x0000
(3036) 0000  0000000000000000 (  37)                 .FILL x0000
(3037) 0000  0000000000000000 (  37)                 .FILL x0000
(3038) 0000  0000000000000000 (  37)                 .FILL x0000
(3039) 0000  0000000000000000 (  37)                 .FILL x0000
