(0000) 3000  0011000000000000 (   1)                 .ORIG x3000
(3000) E005  1110000000000101 (   5)                 LEA   R0 START
(3001) C000  1100000000000000 (   6)                 JMP   R0
(3002) 3000  0011000000000000 (   7) RSTACK          .FILL x3000
(3003) 3200  0011001000000000 (   8) ROWS            .FILL x3200
(3004) 3201  0011001000000001 (   9) COLUMNS         .FILL x3201
(3005) 3202  0011001000000010 (  10) MATRIX          .FILL x3202
(3006) 2DFB  0010110111111011 (  12) START           LD    R6 RSTACK
(3007) 2BFA  0010101111111010 (  13)                 LD    R5 RSTACK
(3008) 5260  0101001001100000 (  15)                 AND   R1 R1 #0
(3009) 54A0  0101010010100000 (  16)                 AND   R2 R2 #0
(300A) 14A7  0001010010100111 (  17)                 ADD   R2 R2 #7
(300B) 1DBF  0001110110111111 (  18) LOOP1           ADD   R6 R6 #-1
(300C) 7380  0111001110000000 (  19)                 STR   R1 R6 #0
(300D) 14BF  0001010010111111 (  20)                 ADD   R2 R2 #-1
(300E) 03FC  0000001111111100 (  21)                 BRP   LOOP1
(300F) 25F5  0010010111110101 (  23)                 LD    R2 MATRIX
(3010) 757F  0111010101111111 (  24)                 STR   R2 R5 #-1
(3011) A5F1  1010010111110001 (  26)                 LDI   R2 ROWS
(3012) 757C  0111010101111100 (  27)                 STR   R2 R5 #-4
(3013) A5F0  1010010111110000 (  29)                 LDI   R2 COLUMNS
(3014) 757B  0111010101111011 (  30)                 STR   R2 R5 #-5
(3015) 1DBF  0001110110111111 (  32) LOOP5           ADD   R6 R6 #-1
(3016) 6779  0110011101111001 (  33)                 LDR   R3 R5 #-7
(3017) 7780  0111011110000000 (  34)                 STR   R3 R6 #0
(3018) 1DBF  0001110110111111 (  35)                 ADD   R6 R6 #-1
(3019) 677A  0110011101111010 (  36)                 LDR   R3 R5 #-6
(301A) 7780  0111011110000000 (  37)                 STR   R3 R6 #0
(301B) 1DBF  0001110110111111 (  38)                 ADD   R6 R6 #-1
(301C) 677B  0110011101111011 (  39)                 LDR   R3 R5 #-5
(301D) 7780  0111011110000000 (  40)                 STR   R3 R6 #0
(301E) 1DBF  0001110110111111 (  41)                 ADD   R6 R6 #-1
(301F) 677C  0110011101111100 (  42)                 LDR   R3 R5 #-4
(3020) 7780  0111011110000000 (  43)                 STR   R3 R6 #0
(3021) 1DBF  0001110110111111 (  44)                 ADD   R6 R6 #-1
(3022) 677F  0110011101111111 (  45)                 LDR   R3 R5 #-1
(3023) 7780  0111011110000000 (  46)                 STR   R3 R6 #0
(3024) 4821  0100100000100001 (  48)                 JSR   FUNCTION
(3025) 6780  0110011110000000 (  49)                 LDR   R3 R6 #0
(3026) 777D  0111011101111101 (  50)                 STR   R3 R5 #-3
(3027) 1DA6  0001110110100110 (  51)                 ADD   R6 R6 #6
(3028) 657D  0110010101111101 (  53)                 LDR   R2 R5 #-3
(3029) 677E  0110011101111110 (  54)                 LDR   R3 R5 #-2
(302A) 48AD  0100100010101101 (  55)                 JSR   COMPARE
(302B) 1260  0001001001100000 (  56)                 ADD   R1 R1 #0
(302C) 0C01  0000110000000001 (  57)                 BRNZ  SKIP5
(302D) 757E  0111010101111110 (  58)                 STR   R2 R5 #-2
(302E) 6379  0110001101111001 (  60) SKIP5           LDR   R1 R5 #-7
(302F) 657B  0110010101111011 (  61)                 LDR   R2 R5 #-5
(3030) 14BF  0001010010111111 (  62)                 ADD   R2 R2 #-1
(3031) 94BF  1001010010111111 (  63)                 NOT   R2 R2
(3032) 14A1  0001010010100001 (  64)                 ADD   R2 R2 #1
(3033) 1642  0001011001000010 (  65)                 ADD   R3 R1 R2
(3034) 0A0B  0000101000001011 (  66)                 BRNP  SKIP6
(3035) 56E0  0101011011100000 (  67)                 AND   R3 R3 #0
(3036) 7779  0111011101111001 (  68)                 STR   R3 R5 #-7
(3037) 657A  0110010101111010 (  69)                 LDR   R2 R5 #-6
(3038) 14A1  0001010010100001 (  70)                 ADD   R2 R2 #1
(3039) 757A  0111010101111010 (  71)                 STR   R2 R5 #-6
(303A) 677C  0110011101111100 (  72)                 LDR   R3 R5 #-4
(303B) 96FF  1001011011111111 (  73)                 NOT   R3 R3
(303C) 16E1  0001011011100001 (  74)                 ADD   R3 R3 #1
(303D) 1683  0001011010000011 (  75)                 ADD   R3 R2 R3
(303E) 0405  0000010000000101 (  76)                 BRZ   ENDLOOP
(303F) 0E03  0000111000000011 (  77)                 BRNZP x3043
(3040) 6379  0110001101111001 (  78) SKIP6           LDR   R1 R5 #-7
(3041) 1261  0001001001100001 (  79)                 ADD   R1 R1 #1
(3042) 7379  0111001101111001 (  80)                 STR   R1 R5 #-7
(3043) 0FD1  0000111111010001 (  82)                 BRNZP LOOP5
(3044) 657E  0110010101111110 (  84) ENDLOOP         LDR   R2 R5 #-2
(3045) F025  1111000000100101 (  85)                 TRAP  x25
(3046) 1DBF  0001110110111111 (  93) FUNCTION        ADD   R6 R6 #-1
(3047) 1DBF  0001110110111111 (  94)                 ADD   R6 R6 #-1
(3048) 7F80  0111111110000000 (  95)                 STR   R7 R6 #0
(3049) 1DBF  0001110110111111 (  96)                 ADD   R6 R6 #-1
(304A) 7B80  0111101110000000 (  97)                 STR   R5 R6 #0
(304B) 1BA0  0001101110100000 (  98)                 ADD   R5 R6 #0
(304C) 5260  0101001001100000 ( 100)                 AND   R1 R1 #0
(304D) 54A0  0101010010100000 ( 101)                 AND   R2 R2 #0
(304E) 14A5  0001010010100101 ( 102)                 ADD   R2 R2 #5
(304F) 1DBF  0001110110111111 ( 103) LOOP2           ADD   R6 R6 #-1
(3050) 7380  0111001110000000 ( 104)                 STR   R1 R6 #0
(3051) 14BF  0001010010111111 ( 105)                 ADD   R2 R2 #-1
(3052) 03FC  0000001111111100 ( 106)                 BRP   LOOP2
(3053) 6346  0110001101000110 ( 108)                 LDR   R1 R5 #6
(3054) 6547  0110010101000111 ( 109)                 LDR   R2 R5 #7
(3055) 4889  0100100010001001 ( 110)                 JSR   ACCESSA
(3056) 777F  0111011101111111 ( 111)                 STR   R3 R5 #-1
(3057) 6346  0110001101000110 ( 113) IFN             LDR   R1 R5 #6
(3058) 0411  0000010000010001 ( 114)                 BRZ   IFW
(3059) 6547  0110010101000111 ( 115)                 LDR   R2 R5 #7
(305A) 127F  0001001001111111 ( 116)                 ADD   R1 R1 #-1
(305B) 4883  0100100010000011 ( 117)                 JSR   ACCESSA
(305C) 657F  0110010101111111 ( 118)                 LDR   R2 R5 #-1
(305D) 487A  0100100001111010 ( 119)                 JSR   COMPARE
(305E) 1260  0001001001100000 ( 120)                 ADD   R1 R1 #0
(305F) 0C0A  0000110000001010 ( 121)                 BRNZ  IFW
(3060) 6747  0110011101000111 ( 122)                 LDR   R3 R5 #7
(3061) 6546  0110010101000110 ( 123)                 LDR   R2 R5 #6
(3062) 14BF  0001010010111111 ( 124)                 ADD   R2 R2 #-1
(3063) 6345  0110001101000101 ( 125)                 LDR   R1 R5 #5
(3064) 6144  0110000101000100 ( 126)                 LDR   R0 R5 #4
(3065) 4866  0100100001100110 ( 127)                 JSR   PUSHA
(3066) 4FDF  0100111111011111 ( 128)                 JSR   FUNCTION
(3067) 6780  0110011110000000 ( 129)                 LDR   R3 R6 #0
(3068) 777E  0111011101111110 ( 130)                 STR   R3 R5 #-2
(3069) 1DA6  0001110110100110 ( 131)                 ADD   R6 R6 #6
(306A) 6547  0110010101000111 ( 133) IFW             LDR   R2 R5 #7
(306B) 0411  0000010000010001 ( 134)                 BRZ   IFS
(306C) 6346  0110001101000110 ( 135)                 LDR   R1 R5 #6
(306D) 14BF  0001010010111111 ( 136)                 ADD   R2 R2 #-1
(306E) 4870  0100100001110000 ( 137)                 JSR   ACCESSA
(306F) 657F  0110010101111111 ( 138)                 LDR   R2 R5 #-1
(3070) 4867  0100100001100111 ( 139)                 JSR   COMPARE
(3071) 1260  0001001001100000 ( 140)                 ADD   R1 R1 #0
(3072) 0C0A  0000110000001010 ( 141)                 BRNZ  IFS
(3073) 6747  0110011101000111 ( 142)                 LDR   R3 R5 #7
(3074) 6546  0110010101000110 ( 143)                 LDR   R2 R5 #6
(3075) 16FF  0001011011111111 ( 144)                 ADD   R3 R3 #-1
(3076) 6345  0110001101000101 ( 145)                 LDR   R1 R5 #5
(3077) 6144  0110000101000100 ( 146)                 LDR   R0 R5 #4
(3078) 4853  0100100001010011 ( 147)                 JSR   PUSHA
(3079) 4FCC  0100111111001100 ( 148)                 JSR   FUNCTION
(307A) 6780  0110011110000000 ( 149)                 LDR   R3 R6 #0
(307B) 777D  0111011101111101 ( 150)                 STR   R3 R5 #-3
(307C) 1DA6  0001110110100110 ( 151)                 ADD   R6 R6 #6
(307D) 6746  0110011101000110 ( 154) IFS             LDR   R3 R5 #6
(307E) 6544  0110010101000100 ( 155)                 LDR   R2 R5 #4
(307F) 14BF  0001010010111111 ( 156)                 ADD   R2 R2 #-1
(3080) 4857  0100100001010111 ( 157)                 JSR   COMPARE
(3081) 1260  0001001001100000 ( 158)                 ADD   R1 R1 #0
(3082) 0C12  0000110000010010 ( 159)                 BRNZ  IFE
(3083) 6346  0110001101000110 ( 160)                 LDR   R1 R5 #6
(3084) 6547  0110010101000111 ( 161)                 LDR   R2 R5 #7
(3085) 1261  0001001001100001 ( 162)                 ADD   R1 R1 #1
(3086) 4858  0100100001011000 ( 163)                 JSR   ACCESSA
(3087) 657F  0110010101111111 ( 164)                 LDR   R2 R5 #-1
(3088) 484F  0100100001001111 ( 165)                 JSR   COMPARE
(3089) 1260  0001001001100000 ( 166)                 ADD   R1 R1 #0
(308A) 0C0A  0000110000001010 ( 167)                 BRNZ  IFE
(308B) 6747  0110011101000111 ( 168)                 LDR   R3 R5 #7
(308C) 6546  0110010101000110 ( 169)                 LDR   R2 R5 #6
(308D) 14A1  0001010010100001 ( 170)                 ADD   R2 R2 #1
(308E) 6345  0110001101000101 ( 171)                 LDR   R1 R5 #5
(308F) 6144  0110000101000100 ( 172)                 LDR   R0 R5 #4
(3090) 483B  0100100000111011 ( 173)                 JSR   PUSHA
(3091) 4FB4  0100111110110100 ( 174)                 JSR   FUNCTION
(3092) 6780  0110011110000000 ( 175)                 LDR   R3 R6 #0
(3093) 777C  0111011101111100 ( 176)                 STR   R3 R5 #-4
(3094) 1DA6  0001110110100110 ( 177)                 ADD   R6 R6 #6
(3095) 6747  0110011101000111 ( 180) IFE             LDR   R3 R5 #7
(3096) 6545  0110010101000101 ( 181)                 LDR   R2 R5 #5
(3097) 14BF  0001010010111111 ( 182)                 ADD   R2 R2 #-1
(3098) 483F  0100100000111111 ( 183)                 JSR   COMPARE
(3099) 1260  0001001001100000 ( 184)                 ADD   R1 R1 #0
(309A) 0C12  0000110000010010 ( 185)                 BRNZ  BIGGEST
(309B) 6346  0110001101000110 ( 186)                 LDR   R1 R5 #6
(309C) 6547  0110010101000111 ( 187)                 LDR   R2 R5 #7
(309D) 14A1  0001010010100001 ( 188)                 ADD   R2 R2 #1
(309E) 4840  0100100001000000 ( 189)                 JSR   ACCESSA
(309F) 657F  0110010101111111 ( 190)                 LDR   R2 R5 #-1
(30A0) 4837  0100100000110111 ( 191)                 JSR   COMPARE
(30A1) 1260  0001001001100000 ( 192)                 ADD   R1 R1 #0
(30A2) 0C0A  0000110000001010 ( 193)                 BRNZ  BIGGEST
(30A3) 6747  0110011101000111 ( 194)                 LDR   R3 R5 #7
(30A4) 6546  0110010101000110 ( 195)                 LDR   R2 R5 #6
(30A5) 16E1  0001011011100001 ( 196)                 ADD   R3 R3 #1
(30A6) 6345  0110001101000101 ( 197)                 LDR   R1 R5 #5
(30A7) 6144  0110000101000100 ( 198)                 LDR   R0 R5 #4
(30A8) 4823  0100100000100011 ( 199)                 JSR   PUSHA
(30A9) 4F9C  0100111110011100 ( 200)                 JSR   FUNCTION
(30AA) 6780  0110011110000000 ( 201)                 LDR   R3 R6 #0
(30AB) 777B  0111011101111011 ( 202)                 STR   R3 R5 #-5
(30AC) 1DA6  0001110110100110 ( 203)                 ADD   R6 R6 #6
(30AD) 677E  0110011101111110 ( 205) BIGGEST         LDR   R3 R5 #-2
(30AE) 657D  0110010101111101 ( 206)                 LDR   R2 R5 #-3
(30AF) 4828  0100100000101000 ( 207)                 JSR   COMPARE
(30B0) 1260  0001001001100000 ( 208)                 ADD   R1 R1 #0
(30B1) 0202  0000001000000010 ( 209)                 BRP   SKIP2
(30B2) 617E  0110000101111110 ( 210)                 LDR   R0 R5 #-2
(30B3) 0E01  0000111000000001 ( 211)                 BRNZP x30B5
(30B4) 617D  0110000101111101 ( 212) SKIP2           LDR   R0 R5 #-3
(30B5) 677C  0110011101111100 ( 214)                 LDR   R3 R5 #-4
(30B6) 1420  0001010000100000 ( 215)                 ADD   R2 R0 #0
(30B7) 4820  0100100000100000 ( 216)                 JSR   COMPARE
(30B8) 1260  0001001001100000 ( 217)                 ADD   R1 R1 #0
(30B9) 0202  0000001000000010 ( 218)                 BRP   SKIP3
(30BA) 617C  0110000101111100 ( 219)                 LDR   R0 R5 #-4
(30BB) 0E01  0000111000000001 ( 220)                 BRNZP x30BD
(30BC) 10A0  0001000010100000 ( 221) SKIP3           ADD   R0 R2 #0
(30BD) 677B  0110011101111011 ( 223)                 LDR   R3 R5 #-5
(30BE) 1420  0001010000100000 ( 224)                 ADD   R2 R0 #0
(30BF) 4818  0100100000011000 ( 225)                 JSR   COMPARE
(30C0) 1260  0001001001100000 ( 226)                 ADD   R1 R1 #0
(30C1) 0202  0000001000000010 ( 227)                 BRP   SKIP4
(30C2) 617B  0110000101111011 ( 228)                 LDR   R0 R5 #-5
(30C3) 0E01  0000111000000001 ( 229)                 BRNZP x30C5
(30C4) 10A0  0001000010100000 ( 230) SKIP4           ADD   R0 R2 #0
(30C5) 1021  0001000000100001 ( 235)                 ADD   R0 R0 #1
(30C6) 7142  0111000101000010 ( 236)                 STR   R0 R5 #2
(30C7) 1DA5  0001110110100101 ( 237)                 ADD   R6 R6 #5
(30C8) 6B80  0110101110000000 ( 238)                 LDR   R5 R6 #0
(30C9) 6F81  0110111110000001 ( 239)                 LDR   R7 R6 #1
(30CA) 1DA2  0001110110100010 ( 240)                 ADD   R6 R6 #2
(30CB) C1C0  1100000111000000 ( 241)                 RET   
(30CC) 1DBF  0001110110111111 ( 244) PUSHA           ADD   R6 R6 #-1
(30CD) 7780  0111011110000000 ( 245)                 STR   R3 R6 #0
(30CE) 1DBF  0001110110111111 ( 246)                 ADD   R6 R6 #-1
(30CF) 7580  0111010110000000 ( 247)                 STR   R2 R6 #0
(30D0) 1DBF  0001110110111111 ( 248)                 ADD   R6 R6 #-1
(30D1) 7380  0111001110000000 ( 249)                 STR   R1 R6 #0
(30D2) 1DBF  0001110110111111 ( 250)                 ADD   R6 R6 #-1
(30D3) 7180  0111000110000000 ( 251)                 STR   R0 R6 #0
(30D4) 1DBF  0001110110111111 ( 252)                 ADD   R6 R6 #-1
(30D5) 6743  0110011101000011 ( 253)                 LDR   R3 R5 #3
(30D6) 7780  0111011110000000 ( 254)                 STR   R3 R6 #0
(30D7) C1C0  1100000111000000 ( 255)                 RET   
(30D8) 5260  0101001001100000 ( 259) COMPARE         AND   R1 R1 #0
(30D9) 96FF  1001011011111111 ( 260)                 NOT   R3 R3
(30DA) 16E1  0001011011100001 ( 261)                 ADD   R3 R3 #1
(30DB) 16C2  0001011011000010 ( 262)                 ADD   R3 R3 R2
(30DC) 0C01  0000110000000001 ( 263)                 BRNZ  END1
(30DD) 1261  0001001001100001 ( 264)                 ADD   R1 R1 #1
(30DE) C1C0  1100000111000000 ( 265) END1            RET   
(30DF) 6743  0110011101000011 ( 269) ACCESSA         LDR   R3 R5 #3
(30E0) 16C2  0001011011000010 ( 270)                 ADD   R3 R3 R2
(30E1) 6144  0110000101000100 ( 272)                 LDR   R0 R5 #4
(30E2) 1260  0001001001100000 ( 273)                 ADD   R1 R1 #0
(30E3) 0403  0000010000000011 ( 274)                 BRZ   SKIP1
(30E4) 16C0  0001011011000000 ( 275) LOOP3           ADD   R3 R3 R0
(30E5) 127F  0001001001111111 ( 276)                 ADD   R1 R1 #-1
(30E6) 03FD  0000001111111101 ( 277)                 BRP   LOOP3
(30E7) 66C0  0110011011000000 ( 278) SKIP1           LDR   R3 R3 #0
(30E8) C1C0  1100000111000000 ( 279)                 RET   
