(0000) 3000  0011000000000000 (   1)                 .ORIG x3000
(3000) E001  1110000000000001 (   3)                 LEA   R0 question
(3001) F022  1111000000100010 (   4)                 TRAP  x22
(3002) 0050  0000000001010000 (   6) question        .FILL x0050
(3003) 006C  0000000001101100 (   6)                 .FILL x006C
(3004) 0065  0000000001100101 (   6)                 .FILL x0065
(3005) 0061  0000000001100001 (   6)                 .FILL x0061
(3006) 0073  0000000001110011 (   6)                 .FILL x0073
(3007) 0065  0000000001100101 (   6)                 .FILL x0065
(3008) 0020  0000000000100000 (   6)                 .FILL x0020
(3009) 0065  0000000001100101 (   6)                 .FILL x0065
(300A) 006E  0000000001101110 (   6)                 .FILL x006E
(300B) 0074  0000000001110100 (   6)                 .FILL x0074
(300C) 0065  0000000001100101 (   6)                 .FILL x0065
(300D) 0072  0000000001110010 (   6)                 .FILL x0072
(300E) 0020  0000000000100000 (   6)                 .FILL x0020
(300F) 0073  0000000001110011 (   6)                 .FILL x0073
(3010) 006F  0000000001101111 (   6)                 .FILL x006F
(3011) 006D  0000000001101101 (   6)                 .FILL x006D
(3012) 0065  0000000001100101 (   6)                 .FILL x0065
(3013) 0074  0000000001110100 (   6)                 .FILL x0074
(3014) 0068  0000000001101000 (   6)                 .FILL x0068
(3015) 0069  0000000001101001 (   6)                 .FILL x0069
(3016) 006E  0000000001101110 (   6)                 .FILL x006E
(3017) 0067  0000000001100111 (   6)                 .FILL x0067
(3018) 0020  0000000000100000 (   6)                 .FILL x0020
(3019) 0070  0000000001110000 (   6)                 .FILL x0070
(301A) 006C  0000000001101100 (   6)                 .FILL x006C
(301B) 0065  0000000001100101 (   6)                 .FILL x0065
(301C) 0061  0000000001100001 (   6)                 .FILL x0061
(301D) 0073  0000000001110011 (   6)                 .FILL x0073
(301E) 0065  0000000001100101 (   6)                 .FILL x0065
(301F) 002E  0000000000101110 (   6)                 .FILL x002E
(3020) 002E  0000000000101110 (   6)                 .FILL x002E
(3021) 002E  0000000000101110 (   6)                 .FILL x002E
(3022) 0000  0000000000000000 (   6)                 .FILL x0000
(3023) F025  1111000000100101 (   8)                 TRAP  x25
