(0000) 3000  0011000000000000 (   1)                 .ORIG x3000
(3000) 2C35  0010110000110101 (   3) SETUP           LD    R6 origin
(3001) 2437  0010010000110111 (   6)                 LD    R2 key_stat
(3002) 2E35  0010111000110101 (  10)                 LD    R7 interrupt
(3003) BE36  1011111000110110 (  15)                 STI   R7 interlo
(3004) E823  1110100000100011 (  23)                 LEA   R4 check_star
(3005) B431  1011010000110001 (  25)                 STI   R2 DSR
(3006) 5020  0101000000100000 (  30) BEGIN_8         AND   R0 R0 #0
(3007) 102A  0001000000101010 (  31)                 ADD   R0 R0 #10
(3008) F021  1111000000100001 (  33)                 TRAP  x21
(3009) 4816  0100100000010110 (  35)                 JSR   DELAY
(300A) 1B60  0001101101100000 (  37)                 ADD   R5 R5 #0
(300B) 1B68  0001101101101000 (  38)                 ADD   R5 R5 #8
(300C) 1120  0001000100100000 (  39)                 ADD   R0 R4 #0
(300D) F022  1111000000100010 (  42) EIGHT           TRAP  x22
(300E) 1B7F  0001101101111111 (  44)                 ADD   R5 R5 #-1
(300F) 0BFD  0000101111111101 (  45)                 BRNP  EIGHT
(3010) 5020  0101000000100000 (  53) BEGIN_7         AND   R0 R0 #0
(3011) 102A  0001000000101010 (  54)                 ADD   R0 R0 #10
(3012) F021  1111000000100001 (  56)                 TRAP  x21
(3013) 5020  0101000000100000 (  62)                 AND   R0 R0 #0
(3014) 2026  0010000000100110 (  63)                 LD    R0 space
(3015) F021  1111000000100001 (  64)                 TRAP  x21
(3016) F021  1111000000100001 (  65)                 TRAP  x21
(3017) F021  1111000000100001 (  66)                 TRAP  x21
(3018) 4807  0100100000000111 (  68)                 JSR   DELAY
(3019) 1B67  0001101101100111 (  70)                 ADD   R5 R5 #7
(301A) 1120  0001000100100000 (  71)                 ADD   R0 R4 #0
(301B) F022  1111000000100010 (  76) SEVEN           TRAP  x22
(301C) 1B7F  0001101101111111 (  77)                 ADD   R5 R5 #-1
(301D) 05E8  0000010111101000 (  79)                 BRZ   BEGIN_8
(301E) 0BFC  0000101111111100 (  82)                 BRNP  SEVEN
(301F) F025  1111000000100101 (  86) STOP            TRAP  x25
(3020) 3206  0011001000000110 (  95) DELAY           ST    R1 SaveR1
(3021) 2204  0010001000000100 (  96)                 LD    R1 COUNT
(3022) 127F  0001001001111111 (  98) REP             ADD   R1 R1 #-1
(3023) 03FE  0000001111111110 (  99)                 BRP   REP
(3024) 2202  0010001000000010 ( 100)                 LD    R1 SaveR1
(3025) C1C0  1100000111000000 ( 101)                 RET   
(3026) 6000  0110000000000000 ( 104) COUNT           .FILL x6000
(3027) 0000  0000000000000000 ( 111) SaveR1          .FILL x0000
(3028) 002A  0000000000101010 ( 111) check_star      .FILL x002A
(3029) 002A  0000000000101010 ( 111)                 .FILL x002A
(302A) 0020  0000000000100000 ( 111)                 .FILL x0020
(302B) 0020  0000000000100000 ( 111)                 .FILL x0020
(302C) 0020  0000000000100000 ( 111)                 .FILL x0020
(302D) 0020  0000000000100000 ( 111)                 .FILL x0020
(302E) 0000  0000000000000000 ( 111)                 .FILL x0000
(302F) 0023  0000000000100011 ( 112) check_hash      .FILL x0023
(3030) 0023  0000000000100011 ( 112)                 .FILL x0023
(3031) 0020  0000000000100000 ( 112)                 .FILL x0020
(3032) 0020  0000000000100000 ( 112)                 .FILL x0020
(3033) 0020  0000000000100000 ( 112)                 .FILL x0020
(3034) 0020  0000000000100000 ( 112)                 .FILL x0020
(3035) 0000  0000000000000000 ( 112)                 .FILL x0000
(3036) 3000  0011000000000000 ( 114) origin          .FILL x3000
(3037) FE00  1111111000000000 ( 116) DSR             .FILL xFE00
(3038) 2000  0010000000000000 ( 118) interrupt       .FILL x2000
(3039) 4000  0100000000000000 ( 120) key_stat        .FILL x4000
(303A) 0180  0000000110000000 ( 122) interlo         .FILL x0180
(303B) 0020  0000000000100000 ( 124) space           .FILL x0020
